[2020-12-20 21:36:17,733] chirp.directory - INFO: Registered Kenwood_TK-7102 = KenwoodTK7102Radio
[2020-12-20 21:36:17,733] chirp.logger - DEBUG: log level=10
[2020-12-20 21:36:17,733] chirp.directory - INFO: Registered Kenwood_TK-8102 = KenwoodTK8102Radio
[2020-12-20 21:36:17,733] chirp.directory - INFO: Registered Kenwood_TK-7108 = KenwoodTK7108Radio
[2020-12-20 21:36:17,733] chirp.directory - INFO: Registered Yaesu_FT-450D = FT450DRadio
[2020-12-20 21:36:17,733] chirp.directory - INFO: Registered Kenwood_TK-8108 = KenwoodTK8108Radio
[2020-12-20 21:36:17,733] chirp.directory - INFO: Registered Kenwood_TH-D72_clone_mode = THD72Radio
[2020-12-20 21:36:17,734] chirp.directory - INFO: Registered Yaesu_VX-8R = VX8Radio
[2020-12-20 21:36:17,734] chirp.directory - INFO: Registered Icom_ID-880H = ID880Radio
[2020-12-20 21:36:17,734] chirp.directory - INFO: Registered Yaesu_VX-8DR = VX8DRadio
[2020-12-20 21:36:17,734] chirp.directory - INFO: Registered Icom_ID-80H = ID80Radio
[2020-12-20 21:36:17,734] chirp.directory - INFO: Registered Yaesu_VX-8GE = VX8GERadio
[2020-12-20 21:36:17,734] chirp.directory - INFO: Registered Icom_IC-2200H = IC2200Radio
[2020-12-20 21:36:17,735] chirp.directory - INFO: Registered BTECH_UV-50X3 = UV50X3
[2020-12-20 21:36:17,735] chirp.directory - INFO: Registered KYD_IP-620 = IP620Radio
[2020-12-20 21:36:17,735] chirp.directory - INFO: Registered Yaesu_FT-2900R_1900R = FT2900Radio
[2020-12-20 21:36:17,736] chirp.directory - INFO: Registered Yaesu_FT-1D_R = FT1Radio
[2020-12-20 21:36:17,736] chirp.directory - INFO: Registered Yaesu_FT-818 = FT818Radio
[2020-12-20 21:36:17,736] chirp.directory - INFO: Registered Yaesu_FT-818ND_US = FT818NDUSRadio
[2020-12-20 21:36:17,736] chirp.directory - INFO: Registered Yaesu_FT2D_R = FT2D
[2020-12-20 21:36:17,736] chirp.directory - INFO: Registered Yaesu_FT2D_Rv2 = FT2Dv2
[2020-12-20 21:36:17,736] chirp.directory - INFO: Registered Kenwood_TK-260 = TK260_Radio
[2020-12-20 21:36:17,736] chirp.directory - INFO: Registered Yaesu_FT3D_R = FT3D
[2020-12-20 21:36:17,736] chirp.directory - INFO: Registered Kenwood_TK-270 = TK270_Radio
[2020-12-20 21:36:17,736] chirp.directory - INFO: Registered Kenwood_TK-272 = TK272_Radio
[2020-12-20 21:36:17,736] chirp.directory - INFO: Registered Kenwood_TK-278 = TK278_Radio
[2020-12-20 21:36:17,736] chirp.directory - INFO: Registered Kenwood_TK-360 = TK360_Radio
[2020-12-20 21:36:17,736] chirp.directory - INFO: Registered Kenwood_TK-370 = TK370_Radio
[2020-12-20 21:36:17,736] chirp.directory - INFO: Registered Kenwood_TK-372 = TK372_Radio
[2020-12-20 21:36:17,736] chirp.directory - INFO: Registered Kenwood_TK-378 = TK378_Radio
[2020-12-20 21:36:17,737] chirp.directory - INFO: Registered TDXone_TD-Q8A = TDXoneTDQ8A
[2020-12-20 21:36:17,737] chirp.directory - INFO: Registered Retevis_RT23 = RT23Radio
[2020-12-20 21:36:17,737] chirp.directory - INFO: Registered Icom_ID-31A = ID31Radio
[2020-12-20 21:36:17,737] chirp.directory - INFO: Registered Icom_ID-51_Plus = ID51PLUSRadio
[2020-12-20 21:36:17,737] chirp.directory - INFO: Registered Wouxun_KG-UVD1P = KGUVD1PRadio
[2020-12-20 21:36:17,737] chirp.directory - INFO: Registered Icom_IC-V82_U82 = ICx8xRadio
[2020-12-20 21:36:17,737] chirp.directory - INFO: Registered Wouxun_KG-UV6 = KGUV6DRadio
[2020-12-20 21:36:17,737] chirp.directory - INFO: Registered Wouxun_KG-816 = KG816Radio
[2020-12-20 21:36:17,738] chirp.directory - INFO: Registered Wouxun_KG-818 = KG818Radio
[2020-12-20 21:36:17,738] chirp.directory - INFO: Registered Wouxun_KG-UV8D_Plus = KGUV8DPlusRadio
[2020-12-20 21:36:17,738] chirp.directory - INFO: Registered Kenwood_TK-7180 = KenwoodTK7180Radio
[2020-12-20 21:36:17,738] chirp.directory - INFO: Registered TYT_TH-UV3R = TYTUV3RRadio
[2020-12-20 21:36:17,738] chirp.directory - INFO: Registered Kenwood_TK-8180 = KenwoodTK8180Radio
[2020-12-20 21:36:17,738] chirp.directory - INFO: Registered TYT_TH-UV3R-25 = TYTUV3R25Radio
[2020-12-20 21:36:17,738] chirp.directory - INFO: Registered Kenwood_TK-2180 = KenwoodTK2180Radio
[2020-12-20 21:36:17,738] chirp.directory - INFO: Registered Kenwood_TK-3180K = KenwoodTK3180K1Radio
[2020-12-20 21:36:17,738] chirp.directory - INFO: Registered Kenwood_TK-3180K2 = KenwoodTK3180K2Radio
[2020-12-20 21:36:17,738] chirp.directory - INFO: Registered Icom_IC-Q7A = ICQ7Radio
[2020-12-20 21:36:17,739] chirp.directory - INFO: Registered Baojie_BJ-9900 = BJ9900Radio
[2020-12-20 21:36:17,739] chirp.directory - INFO: Registered Generic_CSV = CSVRadio
[2020-12-20 21:36:17,739] chirp.directory - INFO: Registered Commander_KG-UV = CommanderCSVRadio
[2020-12-20 21:36:17,739] chirp.directory - INFO: Registered Yaesu_FT-7800_7900 = FT7800Radio
[2020-12-20 21:36:17,739] chirp.directory - INFO: Registered RT_Systems_CSV = RTCSVRadio
[2020-12-20 21:36:17,739] chirp.directory - INFO: Registered Yaesu_FT-8800 = FT8800Radio
[2020-12-20 21:36:17,740] chirp.directory - INFO: Registered Kenwood_HMK = HMKRadio
[2020-12-20 21:36:17,740] chirp.directory - INFO: Registered Icom_ID-800H_v2 = ID800v2Radio
[2020-12-20 21:36:17,740] chirp.directory - INFO: Registered Yaesu_FT-8900 = FT8900Radio
[2020-12-20 21:36:17,740] chirp.directory - INFO: Registered Kenwood_TS-850 = TS850Radio
[2020-12-20 21:36:17,740] chirp.directory - INFO: Registered Vertex_Standard_VXA-700 = VXA700Radio
[2020-12-20 21:36:17,740] chirp.directory - INFO: Registered Icom_IC-P7 = ICP7Radio
[2020-12-20 21:36:17,741] chirp.directory - INFO: Registered TYT_TH-UVF8D = TYTUVF8DRadio
[2020-12-20 21:36:17,741] chirp.directory - INFO: Registered Baofeng_BF-A58 = BFA58
[2020-12-20 21:36:17,741] chirp.directory - INFO: Registered Baofeng_UV-B5 = BaofengUVB5
[2020-12-20 21:36:17,741] chirp.directory - INFO: Registered Baofeng_UV-82WP = UV82WP
[2020-12-20 21:36:17,741] chirp.directory - INFO: Registered Baofeng_GT-3WP = GT3WP
[2020-12-20 21:36:17,741] chirp.directory - INFO: Registered Retevis_RT6 = RT6
[2020-12-20 21:36:17,741] chirp.directory - INFO: Registered Baofeng_BF-A58S = BFA58S
[2020-12-20 21:36:17,741] chirp.directory - INFO: Registered Baofeng_UV-9R = UV9R
[2020-12-20 21:36:17,741] chirp.directory - INFO: Registered Retevis_RT1 = RT1Radio
[2020-12-20 21:36:17,742] chirp.directory - INFO: Registered Icom_IC-2100H = IC2100Radio
[2020-12-20 21:36:17,742] chirp.directory - INFO: Registered Yaesu_FT-4XR = YaesuFT4XRRadio
[2020-12-20 21:36:17,742] chirp.directory - INFO: Registered Kenwood_TK-868G = TK868G_Radios
[2020-12-20 21:36:17,742] chirp.directory - INFO: Registered Yaesu_FT-4XE = YaesuFT4XERadio
[2020-12-20 21:36:17,742] chirp.directory - INFO: Registered Yaesu_FT-4VR = YaesuFT4VRRadio
[2020-12-20 21:36:17,742] chirp.directory - INFO: Registered Yaesu_FT-65R = YaesuFT65RRadio
[2020-12-20 21:36:17,742] chirp.directory - INFO: Registered Yaesu_FT-65E = YaesuFT65ERadio
[2020-12-20 21:36:17,742] chirp.directory - INFO: Registered Yaesu_FT-25R = YaesuFT25RRadio
[2020-12-20 21:36:17,742] chirp.directory - INFO: Registered Retevis_RT21 = RT21Radio
[2020-12-20 21:36:17,742] chirp.directory - INFO: Registered Kenwood_TK-862G = TK862G_Radios
[2020-12-20 21:36:17,743] chirp.directory - INFO: Registered Kenwood_TK-860G = TK860G_Radios
[2020-12-20 21:36:17,743] chirp.directory - INFO: Registered Kenwood_TK-768G = TK768G_Radios
[2020-12-20 21:36:17,743] chirp.directory - INFO: Registered Kenwood_TK-762G = TK762G_Radios
[2020-12-20 21:36:17,743] chirp.directory - INFO: Registered Kenwood_TK-760G = TK760G_Radios
[2020-12-20 21:36:17,743] chirp.directory - INFO: Registered BTECH_GMRS-V1 = GMRSV1
[2020-12-20 21:36:17,743] chirp.directory - INFO: Registered Kenwood_TK-388G = TK388G_Radios
[2020-12-20 21:36:17,743] chirp.directory - INFO: Registered Kenwood_TK-378G = TK378G_Radios
[2020-12-20 21:36:17,743] chirp.directory - INFO: Registered Wouxun_KG-UV8E = KGUV8ERadio
[2020-12-20 21:36:17,743] chirp.directory - INFO: Registered Kenwood_TK-372G = TK372G_Radios
[2020-12-20 21:36:17,743] chirp.directory - INFO: Registered Kenwood_TK-370G = TK370G_Radios
[2020-12-20 21:36:17,744] chirp.directory - INFO: Registered Kenwood_TK-360G = TK360G_Radios
[2020-12-20 21:36:17,744] chirp.directory - INFO: Registered Icom_IC-208H = IC208Radio
[2020-12-20 21:36:17,744] chirp.directory - INFO: Registered Kenwood_TK-278G = TK278G_Radios
[2020-12-20 21:36:17,744] chirp.directory - INFO: Registered Kenwood_TK-272G = TK272G_Radios
[2020-12-20 21:36:17,744] chirp.directory - INFO: Registered Kenwood_TK-270G = TK270G_Radios
[2020-12-20 21:36:17,744] chirp.directory - INFO: Registered Kenwood_TK-260G = TK260G_Radios
[2020-12-20 21:36:17,744] chirp.directory - INFO: Registered Yaesu_VX-3 = VX3Radio
[2020-12-20 21:36:17,744] chirp.directory - INFO: Registered Yaesu_VX-2 = VX2Radio
[2020-12-20 21:36:17,744] chirp.directory - INFO: Registered Icom_IC-W32A = ICW32ARadio
[2020-12-20 21:36:17,745] chirp.directory - INFO: Registered Icom_IC-W32E = ICW32ERadio
[2020-12-20 21:36:17,745] chirp.directory - INFO: Registered KYD_NC-630A = NC630aRadio
[2020-12-20 21:36:17,745] chirp.directory - INFO: Registered Alinco_DR03T = DR03Radio
[2020-12-20 21:36:17,745] chirp.directory - INFO: Registered Alinco_DR06T = DR06Radio
[2020-12-20 21:36:17,745] chirp.directory - INFO: Registered Alinco_DR135T = DR135Radio
[2020-12-20 21:36:17,745] chirp.directory - INFO: Registered Alinco_DR235T = DR235Radio
[2020-12-20 21:36:17,745] chirp.directory - INFO: Registered Alinco_DR435T = DR435Radio
[2020-12-20 21:36:17,745] chirp.directory - INFO: Registered Alinco_DJ596 = DJ596Radio
[2020-12-20 21:36:17,745] chirp.directory - INFO: Registered Jetstream_JT220M = JT220MRadio
[2020-12-20 21:36:17,745] chirp.directory - INFO: Registered LUITON_LT-725UV = LT725UV
[2020-12-20 21:36:17,745] chirp.directory - INFO: Registered Alinco_DJ175 = DJ175Radio
[2020-12-20 21:36:17,746] chirp.directory - INFO: Registered Baofeng_UV-6R = UV6R
[2020-12-20 21:36:17,746] chirp.directory - INFO: Registered Alinco_DJ-G7EG = AlincoDJG7EG
[2020-12-20 21:36:17,746] chirp.directory - INFO: Registered Baojie_BJ-218 = Baojie218
[2020-12-20 21:36:17,746] chirp.directory - INFO: Registered TYT_TH9000_220 = Th9000220Radio
[2020-12-20 21:36:17,746] chirp.directory - INFO: Registered Puxing_PX-777 = Puxing777Radio
[2020-12-20 21:36:17,746] chirp.directory - INFO: Registered TYT_TH9000_144 = Th9000144Radio
[2020-12-20 21:36:17,746] chirp.directory - INFO: Registered Puxing_PX-2R = Puxing2RRadio
[2020-12-20 21:36:17,746] chirp.directory - INFO: Registered TYT_TH9000_440 = Th9000440Radio
[2020-12-20 21:36:17,747] chirp.directory - INFO: Registered Wouxun_KG-UV9D_Plus = KGUV9DPlusRadio
[2020-12-20 21:36:17,747] chirp.directory - INFO: Registered Icom_IC-2720H = IC2720Radio
[2020-12-20 21:36:17,747] chirp.directory - INFO: Registered Icom_IC-91_92AD = IC9xRadio
[2020-12-20 21:36:17,747] chirp.directory - INFO: Registered Rugged_RH5R-V2 = RH5RV2
[2020-12-20 21:36:17,747] chirp.directory - INFO: Registered Radtel_T18 = T18Radio
[2020-12-20 21:36:17,747] chirp.directory - INFO: Registered Yaesu_FT-7100M = FT7100Radio
[2020-12-20 21:36:17,748] chirp.directory - INFO: Registered Yaesu_FT-2800M = FT2800Radio
[2020-12-20 21:36:17,748] chirp.directory - INFO: Registered Kenwood_TK-7102 = KenwoodTK7102Radio
[2020-12-20 21:36:17,748] chirp.directory - INFO: Registered Kenwood_TK-8102 = KenwoodTK8102Radio
[2020-12-20 21:36:17,748] chirp.directory - INFO: Registered Kenwood_TK-7108 = KenwoodTK7108Radio
[2020-12-20 21:36:17,748] chirp.directory - INFO: Registered Yaesu_VX-170 = VX170Radio
[2020-12-20 21:36:17,748] chirp.directory - INFO: Registered Kenwood_TK-8108 = KenwoodTK8108Radio
[2020-12-20 21:36:17,748] chirp.directory - INFO: Registered Icom_IC-2820H = IC2820Radio
[2020-12-20 21:36:17,748] chirp.directory - INFO: Registered HobbyPCB_RS-UV3 = HobbyPCBRSUV3Radio
[2020-12-20 21:36:17,749] chirp.directory - INFO: Registered Yaesu_VX-5 = VX5Radio
[2020-12-20 21:36:17,749] chirp.directory - INFO: Registered Yaesu_VX-8R = VX8Radio
[2020-12-20 21:36:17,749] chirp.directory - INFO: Registered ARRL_Travel_Plus = TpeRadio
[2020-12-20 21:36:17,749] chirp.directory - INFO: Registered Yaesu_VX-8DR = VX8DRadio
[2020-12-20 21:36:17,749] chirp.directory - INFO: Registered Kenwood_TS-480_CloneMode = TS480Radio
[2020-12-20 21:36:17,749] chirp.directory - INFO: Registered Yaesu_VX-8GE = VX8GERadio
[2020-12-20 21:36:17,749] chirp.directory - INFO: Registered Icom_IC-2300H = IC2300Radio
[2020-12-20 21:36:17,750] chirp.directory - INFO: Registered Icom_IC-2200H = IC2200Radio
[2020-12-20 21:36:17,750] chirp.directory - INFO: Registered Icom_IC-2730A = IC2730Radio
[2020-12-20 21:36:17,750] chirp.directory - INFO: Registered Icom_IC-T70 = ICT70Radio
[2020-12-20 21:36:17,750] chirp.directory - INFO: Registered Retevis_RT22 = RT22Radio
[2020-12-20 21:36:17,750] chirp.directory - INFO: Registered WLN_KD-C1 = KDC1
[2020-12-20 21:36:17,750] chirp.directory - INFO: Registered Zastone_ZT-X6 = ZTX6
[2020-12-20 21:36:17,750] chirp.directory - INFO: Registered Icom_7200 = Icom7200Radio
[2020-12-20 21:36:17,750] chirp.directory - INFO: Registered LUITON_LT-316 = LT316
[2020-12-20 21:36:17,750] chirp.directory - INFO: Registered Icom_IC-7000 = Icom7000Radio
[2020-12-20 21:36:17,750] chirp.directory - INFO: Registered TID_TD-M8 = TDM8
[2020-12-20 21:36:17,750] chirp.directory - INFO: Registered Yaesu_FT-2900R_1900R = FT2900Radio
[2020-12-20 21:36:17,750] chirp.directory - INFO: Registered Icom_IC-7100 = Icom7100Radio
[2020-12-20 21:36:17,751] chirp.directory - INFO: Registered Icom_746 = Icom746Radio
[2020-12-20 21:36:17,751] chirp.directory - INFO: Registered Icom_IC-T8A = ICT8ARadio
[2020-12-20 21:36:17,751] chirp.directory - INFO: Registered Yaesu_FTM-3200D_R = FTM3200Radio
[2020-12-20 21:36:17,751] chirp.directory - INFO: Registered Kenwood_TK-260 = TK260_Radio
[2020-12-20 21:36:17,751] chirp.directory - INFO: Registered Kenwood_TK-270 = TK270_Radio
[2020-12-20 21:36:17,751] chirp.directory - INFO: Registered Kenwood_TK-272 = TK272_Radio
[2020-12-20 21:36:17,751] chirp.directory - INFO: Registered BTECH_UV-5X3 = UV5X3
[2020-12-20 21:36:17,751] chirp.directory - INFO: Registered Kenwood_TK-278 = TK278_Radio
[2020-12-20 21:36:17,751] chirp.directory - INFO: Registered MTC_UV-5R-3 = MTCUV5R3Radio
[2020-12-20 21:36:17,751] chirp.directory - INFO: Registered Kenwood_TK-360 = TK360_Radio
[2020-12-20 21:36:17,752] chirp.directory - INFO: Registered Kenwood_TK-370 = TK370_Radio
[2020-12-20 21:36:17,752] chirp.directory - INFO: Registered Kenwood_TK-372 = TK372_Radio
[2020-12-20 21:36:17,752] chirp.directory - INFO: Registered Kenwood_TK-378 = TK378_Radio
[2020-12-20 21:36:17,752] chirp.directory - INFO: Registered Puxing_PX-888K = Puxing_PX888K_Radio
[2020-12-20 21:36:17,752] chirp.directory - INFO: Registered Yaesu_VX-7 = VX7Radio
[2020-12-20 21:36:17,752] chirp.directory - INFO: Registered Retevis_RT23 = RT23Radio
[2020-12-20 21:36:17,752] chirp.directory - INFO: Registered Yaesu_FT-60 = FT60Radio
[2020-12-20 21:36:17,753] chirp.directory - INFO: Registered Icom_IC-V82_U82 = ICx8xRadio
[2020-12-20 21:36:17,753] chirp.directory - INFO: Registered Wouxun_KG-UV8D = KGUV8DRadio
[2020-12-20 21:36:17,753] chirp.directory - INFO: Registered BTECH_UV-2501 = UV2501
[2020-12-20 21:36:17,753] chirp.directory - INFO: Registered BTECH_UV-2501+220 = UV2501_220
[2020-12-20 21:36:17,753] chirp.directory - INFO: Registered Wouxun_KG-UV8D_Plus = KGUV8DPlusRadio
[2020-12-20 21:36:17,753] chirp.directory - INFO: Registered BTECH_UV-5001 = UV5001
[2020-12-20 21:36:17,753] chirp.directory - INFO: Registered WACCOM_MINI-8900 = MINI8900
[2020-12-20 21:36:17,753] chirp.directory - INFO: Registered QYT_KT-UV980 = KTUV980
[2020-12-20 21:36:17,753] chirp.directory - INFO: Registered QYT_KT8900 = KT9800
[2020-12-20 21:36:17,754] chirp.directory - INFO: Registered QYT_KT8900R = KT9800R
[2020-12-20 21:36:17,754] chirp.directory - INFO: Registered Icom_IC-Q7A = ICQ7Radio
[2020-12-20 21:36:17,754] chirp.directory - INFO: Registered LUITON_LT-588UV = LT588UV
[2020-12-20 21:36:17,754] chirp.directory - INFO: Registered BTECH_UV-25X2 = UV25X2
[2020-12-20 21:36:17,754] chirp.directory - INFO: Registered BTECH_UV-25X4 = UV25X4
[2020-12-20 21:36:17,754] chirp.directory - INFO: Registered BTECH_UV-50X2 = UV50X2
[2020-12-20 21:36:17,754] chirp.directory - INFO: Registered QYT_KT7900D = KT7900D
[2020-12-20 21:36:17,754] chirp.directory - INFO: Registered Baojie_BJ-9900 = BJ9900Radio
[2020-12-20 21:36:17,754] chirp.directory - INFO: Registered QYT_KT8900D = KT8900D
[2020-12-20 21:36:17,754] chirp.directory - INFO: Registered BTECH_GMRS-50X1 = GMRS50X1
[2020-12-20 21:36:17,755] chirp.directory - INFO: Registered Icom_ID-800H_v2 = ID800v2Radio
[2020-12-20 21:36:17,755] chirp.directory - INFO: Registered Boblov_X3Plus = BoblovX3Plus
[2020-12-20 21:36:17,755] chirp.directory - INFO: Registered Icom_IC-T7H = ICT7HRadio
[2020-12-20 21:36:17,755] chirp.directory - INFO: Registered Kenwood_TS-850 = TS850Radio
[2020-12-20 21:36:17,755] chirp.directory - INFO: Registered Baofeng_BF-A58 = BFA58
[2020-12-20 21:36:17,756] chirp.directory - INFO: Registered Baofeng_UV-82WP = UV82WP
[2020-12-20 21:36:17,756] chirp.directory - INFO: Registered Kenwood_TH-D7 = THD7Radio
[2020-12-20 21:36:17,756] chirp.directory - INFO: Registered Baofeng_GT-3WP = GT3WP
[2020-12-20 21:36:17,756] chirp.directory - INFO: Registered Retevis_RT6 = RT6
[2020-12-20 21:36:17,756] chirp.directory - INFO: Registered Kenwood_TH-D7G = THD7GRadio
[2020-12-20 21:36:17,756] chirp.directory - INFO: Registered Baofeng_BF-A58S = BFA58S
[2020-12-20 21:36:17,756] chirp.directory - INFO: Registered Kenwood_TM-D700 = TMD700Radio
[2020-12-20 21:36:17,756] chirp.directory - INFO: Registered Baofeng_UV-9R = UV9R
[2020-12-20 21:36:17,756] chirp.directory - INFO: Registered Kenwood_TM-V7 = TMV7Radio
[2020-12-20 21:36:17,756] chirp.directory - INFO: Registered Kenwood_TM-G707 = TMG707Radio
[2020-12-20 21:36:17,756] chirp.directory - INFO: Registered Kenwood_TH-G71 = THG71Radio
[2020-12-20 21:36:17,756] chirp.directory - INFO: Registered Kenwood_TH-F6 = THF6ARadio
[2020-12-20 21:36:17,756] chirp.directory - INFO: Registered Kenwood_TH-F7 = THF7ERadio
[2020-12-20 21:36:17,756] chirp.directory - INFO: Registered Kenwood_TM-D710 = TMD710Radio
[2020-12-20 21:36:17,757] chirp.directory - INFO: Registered Kenwood_TH-D72_live_mode = THD72Radio
[2020-12-20 21:36:17,757] chirp.directory - INFO: Registered Kenwood_TM-V71 = TMV71Radio
[2020-12-20 21:36:17,757] chirp.directory - INFO: Registered Kenwood_TK-868G = TK868G_Radios
[2020-12-20 21:36:17,757] chirp.directory - INFO: Registered Kenwood_TM-D710G = TMD710GRadio
[2020-12-20 21:36:17,757] chirp.directory - INFO: Registered Kenwood_TH-K2 = THK2Radio
[2020-12-20 21:36:17,757] chirp.directory - INFO: Registered Kenwood_TM-271 = TM271Radio
[2020-12-20 21:36:17,757] chirp.directory - INFO: Registered Kenwood_TM-281 = TM281Radio
[2020-12-20 21:36:17,757] chirp.directory - INFO: Registered Kenwood_TM-471 = TM471Radio
[2020-12-20 21:36:17,757] chirp.directory - INFO: Registered Kenwood_TS-590S_SG_LiveMode = TS590Radio
[2020-12-20 21:36:17,757] chirp.directory - INFO: Registered Kenwood_TS-480_LiveMode = TS480Radio
[2020-12-20 21:36:17,757] chirp.directory - INFO: Registered Kenwood_TK-862G = TK862G_Radios
[2020-12-20 21:36:17,757] chirp.directory - INFO: Registered Kenwood_TK-860G = TK860G_Radios
[2020-12-20 21:36:17,757] chirp.directory - INFO: Registered Kenwood_TK-768G = TK768G_Radios
[2020-12-20 21:36:17,758] chirp.directory - INFO: Registered Kenwood_TK-762G = TK762G_Radios
[2020-12-20 21:36:17,758] chirp.directory - INFO: Registered Kenwood_TK-760G = TK760G_Radios
[2020-12-20 21:36:17,758] chirp.directory - INFO: Registered Yaesu_FT-817 = FT817Radio
[2020-12-20 21:36:17,758] chirp.directory - INFO: Registered Kenwood_TK-388G = TK388G_Radios
[2020-12-20 21:36:17,758] chirp.directory - INFO: Registered Yaesu_FT-817ND = FT817NDRadio
[2020-12-20 21:36:17,758] chirp.directory - INFO: Registered Kenwood_TK-378G = TK378G_Radios
[2020-12-20 21:36:17,758] chirp.directory - INFO: Registered Yaesu_FT-817ND_US = FT817NDUSRadio
[2020-12-20 21:36:17,758] chirp.directory - INFO: Registered Kenwood_TK-372G = TK372G_Radios
[2020-12-20 21:36:17,758] chirp.directory - INFO: Registered Kenwood_TK-370G = TK370G_Radios
[2020-12-20 21:36:17,758] chirp.directory - INFO: Registered Kenwood_TK-360G = TK360G_Radios
[2020-12-20 21:36:17,758] chirp.directory - INFO: Registered Kenwood_TK-278G = TK278G_Radios
[2020-12-20 21:36:17,758] chirp.directory - INFO: Registered Kenwood_TK-272G = TK272G_Radios
[2020-12-20 21:36:17,758] chirp.directory - INFO: Registered Icom_ID-51 = ID51Radio
[2020-12-20 21:36:17,758] chirp.directory - INFO: Registered Kenwood_TK-270G = TK270G_Radios
[2020-12-20 21:36:17,758] chirp.directory - INFO: Registered Kenwood_TK-260G = TK260G_Radios
[2020-12-20 21:36:17,759] chirp.directory - INFO: Registered TYT_TH-350 = Th350Radio
[2020-12-20 21:36:17,759] chirp.drivers.ft7100 - DEBUG: get_features
[2020-12-20 21:36:17,759] chirp.directory - INFO: Registered Icom_IC-W32A = ICW32ARadio
[2020-12-20 21:36:17,759] chirp.directory - INFO: Registered Icom_IC-W32E = ICW32ERadio
[2020-12-20 21:36:17,759] chirp.directory - INFO: Registered Yaesu_FT-857_897 = FT857Radio
[2020-12-20 21:36:17,759] chirp.directory - INFO: Registered Yaesu_FT-857_897_US = FT857USRadio
[2020-12-20 21:36:17,760] chirp.directory - INFO: Registered LUITON_LT-725UV = LT725UV
[2020-12-20 21:36:17,760] chirp.directory - INFO: Registered TYT_TH-7800_File = TYTTH7800File
[2020-12-20 21:36:17,760] chirp.directory - INFO: Registered Baojie_BJ-218 = Baojie218
[2020-12-20 21:36:17,760] chirp.directory - INFO: Registered TYT_TH-7800 = TYTTH7800Radio
[2020-12-20 21:36:17,761] chirp.directory - INFO: Registered Kenwood_ITM = ITMRadio
[2020-12-20 21:36:17,761] chirp.directory - INFO: Registered Wouxun_KG-UV9D_Plus = KGUV9DPlusRadio
[2020-12-20 21:36:17,761] chirp.directory - INFO: Registered Yaesu_FT-1500M = FT1500Radio
[2020-12-20 21:36:17,761] chirp.directory - INFO: Registered Rugged_RH5R-V2 = RH5RV2
[2020-12-20 21:36:17,762] chirp.directory - INFO: Registered TYT_TH-UV8000 = THUV8000Radio
[2020-12-20 21:36:17,762] chirp.directory - INFO: Registered Yaesu_VX-170 = VX170Radio
[2020-12-20 21:36:17,762] chirp.directory - INFO: Registered Retevis_RT26 = RT26Radio
[2020-12-20 21:36:17,762] chirp.directory - INFO: Registered HobbyPCB_RS-UV3 = HobbyPCBRSUV3Radio
[2020-12-20 21:36:17,763] chirp.directory - INFO: Registered Kenwood_TS-590SG_CloneMode = TS590Radio
[2020-12-20 21:36:17,763] chirp.directory - INFO: Registered Kenwood_TS-590S_CloneMode = TS590SRadio
[2020-12-20 21:36:17,763] chirp.directory - INFO: Registered ARRL_Travel_Plus = TpeRadio
[2020-12-20 21:36:17,763] chirp.directory - INFO: Registered Icom_IC-2300H = IC2300Radio
[2020-12-20 21:36:17,763] chirp.directory - INFO: Registered Baofeng_BF-T1 = BFT1
[2020-12-20 21:36:17,764] chirp.directory - INFO: Registered Icom_IC-T70 = ICT70Radio
[2020-12-20 21:36:17,764] chirp.directory - INFO: Registered Baofeng_BF-888 = H777Radio
[2020-12-20 21:36:17,764] chirp.directory - INFO: Registered Radioddity_GA-2S = ROGA2SRadio
[2020-12-20 21:36:17,764] chirp.directory - INFO: Registered Icom_7200 = Icom7200Radio
[2020-12-20 21:36:17,764] chirp.directory - INFO: Registered Yaesu_FT-8100 = FT8100Radio
[2020-12-20 21:36:17,764] chirp.directory - INFO: Registered Icom_IC-7000 = Icom7000Radio
[2020-12-20 21:36:17,765] chirp.directory - INFO: Registered Icom_IC-7100 = Icom7100Radio
[2020-12-20 21:36:17,765] chirp.directory - INFO: Registered Icom_746 = Icom746Radio
[2020-12-20 21:36:17,765] chirp.directory - INFO: Registered Yaesu_FTM-3200D_R = FTM3200Radio
[2020-12-20 21:36:17,765] chirp.directory - INFO: Registered Yaesu_FT-1802M = FT1802Radio
[2020-12-20 21:36:17,766] chirp.directory - INFO: Registered AnyTone_TERMN-8R = AnyToneTERMN8RRadio
[2020-12-20 21:36:17,766] chirp.directory - INFO: Registered AnyTone_OBLTR-8R = AnyToneOBLTR8RRadio
[2020-12-20 21:36:17,766] chirp.directory - INFO: Registered Puxing_PX-888K = Puxing_PX888K_Radio
[2020-12-20 21:36:17,766] chirp.directory - INFO: Registered Baofeng_UV-3R = UV3RRadio
[2020-12-20 21:36:17,767] chirp.directory - INFO: Registered Yaesu_FT-90 = FT90Radio
[2020-12-20 21:36:17,767] chirp.directory - INFO: Registered Yaesu_FT-60 = FT60Radio
[2020-12-20 21:36:17,768] chirp.directory - INFO: Registered Wouxun_KG-UV8D = KGUV8DRadio
[2020-12-20 21:36:17,768] chirp.directory - INFO: Registered Baofeng_UV-5R = BaofengUV5RGeneric
[2020-12-20 21:36:17,768] chirp.directory - INFO: Registered Baofeng_F-11 = BaofengF11Radio
[2020-12-20 21:36:17,768] chirp.directory - INFO: Registered Baofeng_UV-82 = BaofengUV82Radio
[2020-12-20 21:36:17,768] chirp.directory - INFO: Registered Radioddity_UV-82X3 = Radioddity82X3Radio
[2020-12-20 21:36:17,768] chirp.directory - INFO: Registered Baofeng_UV-6 = BaofengUV6Radio
[2020-12-20 21:36:17,768] chirp.directory - INFO: Registered Intek_KT-980HP = IntekKT980Radio
[2020-12-20 21:36:17,768] chirp.directory - INFO: Registered Baofeng_BF-F8HP = BaofengBFF8HPRadio
[2020-12-20 21:36:17,769] chirp.directory - INFO: Registered Baofeng_UV-82HP = BaofengUV82HPRadio
[2020-12-20 21:36:17,769] chirp.directory - INFO: Registered Radioddity_UV-5RX3 = RadioddityUV5RX3Radio
[2020-12-20 21:36:17,769] chirp.directory - INFO: Registered AnyTone_5888UV = AnyTone5888UVRadio
[2020-12-20 21:36:17,769] chirp.directory - INFO: Registered Intek_HR-2040 = IntekHR2040Radio
[2020-12-20 21:36:17,769] chirp.directory - INFO: Registered Polmar_DB-50M = PolmarDB50MRadio
[2020-12-20 21:36:17,769] chirp.directory - INFO: Registered Powerwerx_DB-750X = PowerwerxDB750XRadio
[2020-12-20 21:36:17,770] chirp.directory - INFO: Registered BTECH_MURS-V1 = MURSV1
[2020-12-20 21:36:17,771] chirp.directory - INFO: Registered Yaesu_FTM-350 = FTM350Radio
[2020-12-20 21:36:17,772] chirp.directory - INFO: Registered Yaesu_FT-50 = FT50Radio
[2020-12-20 21:36:17,772] chirp.directory - INFO: Registered Kenwood_TS-2000 = TS2000Radio
[2020-12-20 21:36:17,772] chirp.directory - INFO: Registered TYT_TH-9800_File = TYTTH9800File
[2020-12-20 21:36:17,773] chirp.directory - INFO: Registered TYT_TH-9800 = TYTTH9800Radio
[2020-12-20 21:36:17,774] chirp.directory - INFO: Registered Leixen_VV-898 = LeixenVV898Radio
[2020-12-20 21:36:17,774] chirp.directory - INFO: Registered Jetstream_JT270M = JetstreamJT270MRadio
[2020-12-20 21:36:17,774] chirp.directory - INFO: Registered Jetstream_JT270MH = JetstreamJT270MHRadio
[2020-12-20 21:36:17,774] chirp.directory - INFO: Registered Leixen_VV-898S = LeixenVV898SRadio
[2020-12-20 21:36:17,775] chirp.directory - INFO: Registered Kenwood_TK-760 = TK760_Radio
[2020-12-20 21:36:17,775] chirp.directory - INFO: Registered Kenwood_TK-762 = TK762_Radio
[2020-12-20 21:36:17,775] chirp.directory - INFO: Registered Kenwood_TK-768 = TK768_Radio
[2020-12-20 21:36:17,775] chirp.directory - INFO: Registered Kenwood_TK-860 = TK860_Radio
[2020-12-20 21:36:17,775] chirp.directory - INFO: Registered Kenwood_TK-862 = TK862_Radio
[2020-12-20 21:36:17,776] chirp.directory - INFO: Registered Kenwood_TK-868 = TK868_Radio
[2020-12-20 21:36:17,776] chirp.directory - INFO: Registered Baojie_BJ-UV55 = BaojieBJUV55Radio
[2020-12-20 21:36:17,778] chirp.directory - INFO: Registered Yaesu_FT-70D = FT70Radio
[2020-12-20 21:36:17,778] chirp.directory - INFO: Registered Radioddity_R2 = RadioddityR2Radio
[2020-12-20 21:36:17,779] chirp.directory - INFO: Registered TYT_TH-UVF1 = TYTTHUVF1Radio
[2020-12-20 21:36:17,780] chirp.directory - INFO: Registered Yaesu_VX-6 = VX6Radio
[2020-12-20 21:36:17,781] chirp.directory - INFO: Registered Feidaxin_FD-268A = FD268ARadio
[2020-12-20 21:36:17,781] chirp.directory - INFO: Registered Feidaxin_FD-268B = FD268BRadio
[2020-12-20 21:36:17,781] chirp.directory - INFO: Registered Feidaxin_FD-288A = FD288ARadio
[2020-12-20 21:36:17,781] chirp.directory - INFO: Registered Feidaxin_FD-288B = FD288BRadio
[2020-12-20 21:36:17,781] chirp.directory - INFO: Registered Feidaxin_FD-150A = FD150ARadio
[2020-12-20 21:36:17,781] chirp.directory - INFO: Registered Feidaxin_FD-160A = FD160ARadio
[2020-12-20 21:36:17,781] chirp.directory - INFO: Registered Feidaxin_FD-450A = FD450ARadio
[2020-12-20 21:36:17,781] chirp.directory - INFO: Registered Feidaxin_FD-460A = FD460ARadio
[2020-12-20 21:36:17,781] chirp.directory - INFO: Registered Feidaxin_FD-460UH = FD460UHRadio
[2020-12-20 21:36:17,782] chirp.directory - INFO: Registered Yaesu_FT-450D = FT450DRadio
[2020-12-20 21:36:17,783] chirp.directory - INFO: Registered Kenwood_TH-D72_clone_mode = THD72Radio
[2020-12-20 21:36:17,783] chirp.directory - INFO: Registered Icom_ID-880H = ID880Radio
[2020-12-20 21:36:17,783] chirp.directory - INFO: Registered Icom_ID-80H = ID80Radio
[2020-12-20 21:36:17,784] chirp.directory - INFO: Registered BTECH_UV-50X3 = UV50X3
[2020-12-20 21:36:17,784] chirp.directory - INFO: Registered KYD_IP-620 = IP620Radio
[2020-12-20 21:36:17,785] chirp.directory - INFO: Registered Yaesu_FT-818 = FT818Radio
[2020-12-20 21:36:17,785] chirp.directory - INFO: Registered Yaesu_FT-818ND_US = FT818NDUSRadio
[2020-12-20 21:36:17,786] chirp.directory - INFO: Registered Wouxun_KG-UVD1P = KGUVD1PRadio
[2020-12-20 21:36:17,787] chirp.directory - INFO: Registered Wouxun_KG-UV6 = KGUV6DRadio
[2020-12-20 21:36:17,787] chirp.directory - INFO: Registered Wouxun_KG-816 = KG816Radio
[2020-12-20 21:36:17,787] chirp.directory - INFO: Registered Wouxun_KG-818 = KG818Radio
[2020-12-20 21:36:17,787] chirp.directory - INFO: Registered TYT_TH-UV3R = TYTUV3RRadio
[2020-12-20 21:36:17,787] chirp.directory - INFO: Registered TYT_TH-UV3R-25 = TYTUV3R25Radio
[2020-12-20 21:36:17,788] chirp.directory - INFO: Registered Yaesu_FT-7800_7900 = FT7800Radio
[2020-12-20 21:36:17,788] chirp.directory - INFO: Registered Yaesu_FT-8800 = FT8800Radio
[2020-12-20 21:36:17,788] chirp.directory - INFO: Registered Yaesu_FT-8900 = FT8900Radio
[2020-12-20 21:36:17,789] chirp.directory - INFO: Registered Vertex_Standard_VXA-700 = VXA700Radio
[2020-12-20 21:36:17,789] chirp.directory - INFO: Registered TYT_TH-UVF8D = TYTUVF8DRadio
[2020-12-20 21:36:17,790] chirp.directory - INFO: Registered Yaesu_FT-4XR = YaesuFT4XRRadio
[2020-12-20 21:36:17,790] chirp.directory - INFO: Registered Yaesu_FT-4XE = YaesuFT4XERadio
[2020-12-20 21:36:17,791] chirp.directory - INFO: Registered Yaesu_FT-4VR = YaesuFT4VRRadio
[2020-12-20 21:36:17,791] chirp.directory - INFO: Registered Yaesu_FT-65R = YaesuFT65RRadio
[2020-12-20 21:36:17,791] chirp.directory - INFO: Registered Yaesu_FT-65E = YaesuFT65ERadio
[2020-12-20 21:36:17,791] chirp.directory - INFO: Registered Yaesu_FT-25R = YaesuFT25RRadio
[2020-12-20 21:36:17,791] chirp.drivers.ft7100 - DEBUG: get_features
[2020-12-20 21:36:17,791] chirp.directory - INFO: Registered BTECH_GMRS-V1 = GMRSV1
[2020-12-20 21:36:17,792] chirp.directory - INFO: Registered Icom_IC-208H = IC208Radio
[2020-12-20 21:36:17,792] chirp.directory - INFO: Registered Yaesu_VX-2 = VX2Radio
[2020-12-20 21:36:17,793] chirp.directory - INFO: Registered Alinco_DR03T = DR03Radio
[2020-12-20 21:36:17,793] chirp.directory - INFO: Registered Alinco_DR06T = DR06Radio
[2020-12-20 21:36:17,793] chirp.directory - INFO: Registered Alinco_DR135T = DR135Radio
[2020-12-20 21:36:17,793] chirp.directory - INFO: Registered Alinco_DR235T = DR235Radio
[2020-12-20 21:36:17,793] chirp.directory - INFO: Registered Alinco_DR435T = DR435Radio
[2020-12-20 21:36:17,793] chirp.directory - INFO: Registered Alinco_DJ596 = DJ596Radio
[2020-12-20 21:36:17,793] chirp.directory - INFO: Registered Jetstream_JT220M = JT220MRadio
[2020-12-20 21:36:17,793] chirp.directory - INFO: Registered Alinco_DJ175 = DJ175Radio
[2020-12-20 21:36:17,793] chirp.directory - INFO: Registered Alinco_DJ-G7EG = AlincoDJG7EG
[2020-12-20 21:36:17,794] chirp.directory - INFO: Registered Puxing_PX-777 = Puxing777Radio
[2020-12-20 21:36:17,794] chirp.directory - INFO: Registered Puxing_PX-2R = Puxing2RRadio
[2020-12-20 21:36:17,794] chirp.directory - INFO: Registered Icom_IC-91_92AD = IC9xRadio
[2020-12-20 21:36:17,795] chirp.directory - INFO: Registered Radtel_T18 = T18Radio
[2020-12-20 21:36:17,795] chirp.directory - INFO: Registered Kenwood_TK-7102 = KenwoodTK7102Radio
[2020-12-20 21:36:17,795] chirp.directory - INFO: Registered Kenwood_TK-8102 = KenwoodTK8102Radio
[2020-12-20 21:36:17,795] chirp.directory - INFO: Registered Kenwood_TK-7108 = KenwoodTK7108Radio
[2020-12-20 21:36:17,795] chirp.directory - INFO: Registered Kenwood_TK-8108 = KenwoodTK8108Radio
[2020-12-20 21:36:17,796] chirp.directory - INFO: Registered Yaesu_VX-8R = VX8Radio
[2020-12-20 21:36:17,796] chirp.directory - INFO: Registered Yaesu_VX-8DR = VX8DRadio
[2020-12-20 21:36:17,797] chirp.directory - INFO: Registered Yaesu_VX-8GE = VX8GERadio
[2020-12-20 21:36:17,797] chirp.directory - INFO: Registered Icom_IC-2200H = IC2200Radio
[2020-12-20 21:36:17,798] chirp.directory - INFO: Registered Yaesu_FT-2900R_1900R = FT2900Radio
[2020-12-20 21:36:17,798] chirp.directory - INFO: Registered Kenwood_TK-260 = TK260_Radio
[2020-12-20 21:36:17,799] chirp.directory - INFO: Registered Kenwood_TK-270 = TK270_Radio
[2020-12-20 21:36:17,799] chirp.directory - INFO: Registered Kenwood_TK-272 = TK272_Radio
[2020-12-20 21:36:17,799] chirp.directory - INFO: Registered Kenwood_TK-278 = TK278_Radio
[2020-12-20 21:36:17,799] chirp.directory - INFO: Registered Kenwood_TK-360 = TK360_Radio
[2020-12-20 21:36:17,799] chirp.directory - INFO: Registered Kenwood_TK-370 = TK370_Radio
[2020-12-20 21:36:17,799] chirp.directory - INFO: Registered Kenwood_TK-372 = TK372_Radio
[2020-12-20 21:36:17,799] chirp.directory - INFO: Registered Kenwood_TK-378 = TK378_Radio
[2020-12-20 21:36:17,799] chirp.directory - INFO: Registered Retevis_RT23 = RT23Radio
[2020-12-20 21:36:17,800] chirp.directory - INFO: Registered Icom_IC-V82_U82 = ICx8xRadio
[2020-12-20 21:36:17,800] chirp.directory - INFO: Registered Wouxun_KG-UV8D_Plus = KGUV8DPlusRadio
[2020-12-20 21:36:17,801] chirp.directory - INFO: Registered Icom_IC-Q7A = ICQ7Radio
[2020-12-20 21:36:17,801] chirp.directory - INFO: Registered Baojie_BJ-9900 = BJ9900Radio
[2020-12-20 21:36:17,802] chirp.directory - INFO: Registered Icom_ID-800H_v2 = ID800v2Radio
[2020-12-20 21:36:17,802] chirp.directory - INFO: Registered Kenwood_TS-850 = TS850Radio
[2020-12-20 21:36:17,803] chirp.directory - INFO: Registered Baofeng_BF-A58 = BFA58
[2020-12-20 21:36:17,803] chirp.directory - INFO: Registered Baofeng_UV-82WP = UV82WP
[2020-12-20 21:36:17,803] chirp.directory - INFO: Registered Baofeng_GT-3WP = GT3WP
[2020-12-20 21:36:17,803] chirp.directory - INFO: Registered Retevis_RT6 = RT6
[2020-12-20 21:36:17,803] chirp.directory - INFO: Registered Baofeng_BF-A58S = BFA58S
[2020-12-20 21:36:17,803] chirp.directory - INFO: Registered Baofeng_UV-9R = UV9R
[2020-12-20 21:36:17,804] chirp.directory - INFO: Registered Kenwood_TK-868G = TK868G_Radios
[2020-12-20 21:36:17,804] chirp.directory - INFO: Registered Kenwood_TK-862G = TK862G_Radios
[2020-12-20 21:36:17,804] chirp.directory - INFO: Registered Kenwood_TK-860G = TK860G_Radios
[2020-12-20 21:36:17,805] chirp.directory - INFO: Registered Kenwood_TK-768G = TK768G_Radios
[2020-12-20 21:36:17,805] chirp.directory - INFO: Registered Kenwood_TK-762G = TK762G_Radios
[2020-12-20 21:36:17,805] chirp.directory - INFO: Registered Kenwood_TK-760G = TK760G_Radios
[2020-12-20 21:36:17,805] chirp.directory - INFO: Registered Kenwood_TK-388G = TK388G_Radios
[2020-12-20 21:36:17,805] chirp.directory - INFO: Registered Kenwood_TK-378G = TK378G_Radios
[2020-12-20 21:36:17,805] chirp.directory - INFO: Registered Kenwood_TK-372G = TK372G_Radios
[2020-12-20 21:36:17,805] chirp.directory - INFO: Registered Kenwood_TK-370G = TK370G_Radios
[2020-12-20 21:36:17,805] chirp.directory - INFO: Registered Kenwood_TK-360G = TK360G_Radios
[2020-12-20 21:36:17,805] chirp.directory - INFO: Registered Kenwood_TK-278G = TK278G_Radios
[2020-12-20 21:36:17,805] chirp.directory - INFO: Registered Kenwood_TK-272G = TK272G_Radios
[2020-12-20 21:36:17,805] chirp.directory - INFO: Registered Kenwood_TK-270G = TK270G_Radios
[2020-12-20 21:36:17,805] chirp.directory - INFO: Registered Kenwood_TK-260G = TK260G_Radios
[2020-12-20 21:36:17,806] chirp.directory - INFO: Registered Icom_IC-W32A = ICW32ARadio
[2020-12-20 21:36:17,806] chirp.directory - INFO: Registered Icom_IC-W32E = ICW32ERadio
[2020-12-20 21:36:17,806] chirp.drivers.ft7100 - DEBUG: get_features
[2020-12-20 21:36:17,807] chirp.directory - INFO: Registered LUITON_LT-725UV = LT725UV
[2020-12-20 21:36:17,807] chirp.directory - INFO: Registered Baojie_BJ-218 = Baojie218
[2020-12-20 21:36:17,808] chirp.directory - INFO: Registered Wouxun_KG-UV9D_Plus = KGUV9DPlusRadio
[2020-12-20 21:36:17,808] chirp.directory - INFO: Registered Rugged_RH5R-V2 = RH5RV2
[2020-12-20 21:36:17,809] chirp.directory - INFO: Registered Yaesu_VX-170 = VX170Radio
[2020-12-20 21:36:17,809] chirp.directory - INFO: Registered HobbyPCB_RS-UV3 = HobbyPCBRSUV3Radio
[2020-12-20 21:36:17,810] chirp.directory - INFO: Registered ARRL_Travel_Plus = TpeRadio
[2020-12-20 21:36:17,810] chirp.directory - INFO: Registered Icom_IC-2300H = IC2300Radio
[2020-12-20 21:36:17,811] chirp.directory - INFO: Registered Icom_IC-T70 = ICT70Radio
[2020-12-20 21:36:17,811] chirp.directory - INFO: Registered Icom_7200 = Icom7200Radio
[2020-12-20 21:36:17,811] chirp.directory - INFO: Registered Icom_IC-7000 = Icom7000Radio
[2020-12-20 21:36:17,811] chirp.directory - INFO: Registered Icom_IC-7100 = Icom7100Radio
[2020-12-20 21:36:17,811] chirp.directory - INFO: Registered Icom_746 = Icom746Radio
[2020-12-20 21:36:17,812] chirp.directory - INFO: Registered Yaesu_FTM-3200D_R = FTM3200Radio
[2020-12-20 21:36:17,813] chirp.directory - INFO: Registered Puxing_PX-888K = Puxing_PX888K_Radio
[2020-12-20 21:36:17,813] chirp.directory - INFO: Registered Yaesu_FT-60 = FT60Radio
[2020-12-20 21:36:17,814] chirp.directory - INFO: Registered Wouxun_KG-UV8D = KGUV8DRadio
[2020-12-20 21:36:17,850] chirp.drivers.ft7100 - DEBUG: get_features
[2020-12-20 21:36:18,958] chirp.chirp_common - DEBUG: Image data has no metadata blob
[2020-12-20 21:36:18,962] chirp.directory - ERROR: Radio class CSVRadio failed during detection: 'str' object has no attribute 'decode'
[2020-12-20 21:36:18,962] chirp.directory - ERROR: Radio class CommanderCSVRadio failed during detection: startswith first arg must be bytes or a tuple of bytes, not str
[2020-12-20 21:36:18,962] chirp.directory - ERROR: Radio class RTCSVRadio failed during detection: 'str' object has no attribute 'decode'
[2020-12-20 21:36:18,962] chirp.directory - ERROR: Radio class BaofengUVB5 failed during detection: startswith first arg must be bytes or a tuple of bytes, not str
[2020-12-20 21:36:18,962] chirp.directory - ERROR: Radio class RT1Radio failed during detection: startswith first arg must be bytes or a tuple of bytes, not str
[2020-12-20 21:36:18,962] chirp.directory - ERROR: Radio class RT21Radio failed during detection: startswith first arg must be bytes or a tuple of bytes, not str
[2020-12-20 21:36:18,962] chirp.directory - ERROR: Radio class KGUV8ERadio failed during detection: a bytes-like object is required, not 'str'
[2020-12-20 21:36:18,963] chirp.drivers.boblov_x3plus - DEBUG: Boblov_x3plus: match_model: size mismatch
[2020-12-20 21:36:18,963] chirp.drivers.boblov_x3plus - DEBUG: Boblov_x3plus: match_model: size mismatch
[2020-12-20 21:36:18,963] chirp.directory - ERROR: Radio class Th350Radio failed during detection: startswith first arg must be str or a tuple of str, not bytes
[2020-12-20 21:36:18,963] chirp.directory - ERROR: Radio class RT26Radio failed during detection: startswith first arg must be bytes or a tuple of bytes, not str
[2020-12-20 21:36:18,963] chirp.directory - ERROR: Radio class AnyToneTERMN8RRadio failed during detection: a bytes-like object is required, not 'str'
[2020-12-20 21:36:18,963] chirp.directory - ERROR: Radio class AnyToneOBLTR8RRadio failed during detection: a bytes-like object is required, not 'str'
[2020-12-20 21:36:18,963] chirp.directory - ERROR: Radio class AnyTone5888UVRadio failed during detection: a bytes-like object is required, not 'str'
[2020-12-20 21:36:18,963] chirp.directory - ERROR: Radio class IntekHR2040Radio failed during detection: a bytes-like object is required, not 'str'
[2020-12-20 21:36:18,963] chirp.directory - WARNING: Radio driver PolmarDB50MRadio needs py3 match_model conversion!
[2020-12-20 21:36:18,986] chirp.drivers.anytone - ERROR: Error writing to radio: Bar
[2020-12-20 21:36:19,054] chirp.drivers.anytone - ERROR: Error writing to radio: Bar
[2020-12-20 21:36:19,054] chirp.drivers.anytone - ERROR: Error writing to radio: name 'six' is not defined
[2020-12-20 21:36:19,117] chirp.drivers.anytone - ERROR: Error writing to radio: name 'six' is not defined
[2020-12-20 21:36:19,117] chirp.drivers.anytone - ERROR: Error writing to radio: name 'six' is not defined
[2020-12-20 21:36:19,179] chirp.drivers.anytone - ERROR: Error writing to radio: name 'six' is not defined
[2020-12-20 21:36:19,179] chirp.drivers.anytone - ERROR: Error writing to radio: name 'six' is not defined
[2020-12-20 21:36:19,239] chirp.drivers.anytone - ERROR: Error writing to radio: name 'six' is not defined
[2020-12-20 21:36:19,399] chirp.chirp_common - DEBUG: Image data has no metadata blob
[2020-12-20 21:36:19,402] chirp.directory - ERROR: Radio class CSVRadio failed during detection: 'str' object has no attribute 'decode'
[2020-12-20 21:36:19,402] chirp.directory - ERROR: Radio class CommanderCSVRadio failed during detection: startswith first arg must be bytes or a tuple of bytes, not str
[2020-12-20 21:36:19,402] chirp.directory - ERROR: Radio class RTCSVRadio failed during detection: 'str' object has no attribute 'decode'
[2020-12-20 21:36:19,402] chirp.directory - ERROR: Radio class BaofengUVB5 failed during detection: startswith first arg must be bytes or a tuple of bytes, not str
[2020-12-20 21:36:19,402] chirp.directory - ERROR: Radio class RT1Radio failed during detection: startswith first arg must be bytes or a tuple of bytes, not str
[2020-12-20 21:36:19,402] chirp.directory - ERROR: Radio class RT21Radio failed during detection: startswith first arg must be bytes or a tuple of bytes, not str
[2020-12-20 21:36:19,402] chirp.directory - ERROR: Radio class KGUV8ERadio failed during detection: a bytes-like object is required, not 'str'
[2020-12-20 21:36:19,403] chirp.drivers.boblov_x3plus - DEBUG: Boblov_x3plus: match_model: size mismatch
[2020-12-20 21:36:19,403] chirp.drivers.boblov_x3plus - DEBUG: Boblov_x3plus: match_model: size mismatch
[2020-12-20 21:36:19,403] chirp.directory - ERROR: Radio class Th350Radio failed during detection: startswith first arg must be str or a tuple of str, not bytes
[2020-12-20 21:36:19,403] chirp.directory - ERROR: Radio class RT26Radio failed during detection: startswith first arg must be bytes or a tuple of bytes, not str
[2020-12-20 21:36:19,403] chirp.directory - ERROR: Radio class AnyToneTERMN8RRadio failed during detection: a bytes-like object is required, not 'str'
[2020-12-20 21:36:19,403] chirp.directory - ERROR: Radio class AnyToneOBLTR8RRadio failed during detection: a bytes-like object is required, not 'str'
[2020-12-20 21:36:19,403] chirp.directory - ERROR: Radio class AnyTone5888UVRadio failed during detection: a bytes-like object is required, not 'str'
[2020-12-20 21:36:19,403] chirp.directory - ERROR: Radio class IntekHR2040Radio failed during detection: a bytes-like object is required, not 'str'
[2020-12-20 21:36:19,403] chirp.directory - ERROR: Radio class PolmarDB50MRadio failed during detection: a bytes-like object is required, not 'str'
[2020-12-20 21:36:19,403] chirp.directory - ERROR: Radio class PowerwerxDB750XRadio failed during detection: a bytes-like object is required, not 'str'
[2020-12-20 21:36:19,403] chirp.directory - ERROR: Radio class FTM350Radio failed during detection: startswith first arg must be bytes or a tuple of bytes, not str
[2020-12-20 21:36:19,403] chirp.directory - ERROR: Radio class LeixenVV898Radio failed during detection: startswith first arg must be bytes or a tuple of bytes, not str
[2020-12-20 21:36:19,404] chirp.directory - ERROR: Radio class JetstreamJT270MRadio failed during detection: startswith first arg must be bytes or a tuple of bytes, not str
[2020-12-20 21:36:19,404] chirp.directory - ERROR: Radio class JetstreamJT270MHRadio failed during detection: startswith first arg must be bytes or a tuple of bytes, not str
[2020-12-20 21:36:19,404] chirp.directory - ERROR: Radio class LeixenVV898SRadio failed during detection: startswith first arg must be bytes or a tuple of bytes, not str
[2020-12-20 21:36:19,404] chirp.directory - ERROR: Radio class TK760_Radio failed during detection: can only concatenate str (not "int") to str
[2020-12-20 21:36:19,404] chirp.directory - ERROR: Radio class TK762_Radio failed during detection: can only concatenate str (not "int") to str
[2020-12-20 21:36:19,404] chirp.directory - ERROR: Radio class TK768_Radio failed during detection: can only concatenate str (not "int") to str
[2020-12-20 21:36:19,404] chirp.directory - ERROR: Radio class TK860_Radio failed during detection: can only concatenate str (not "int") to str
[2020-12-20 21:36:19,404] chirp.directory - ERROR: Radio class TK862_Radio failed during detection: can only concatenate str (not "int") to str
[2020-12-20 21:36:19,404] chirp.directory - ERROR: Radio class TK868_Radio failed during detection: can only concatenate str (not "int") to str
[2020-12-20 21:36:19,404] chirp.directory - ERROR: Radio class TYTTHUVF1Radio failed during detection: startswith first arg must be bytes or a tuple of bytes, not str
[2020-12-20 21:36:19,404] chirp.drivers.fd268 - DEBUG: Unknowd Feidaxing radio, ID:
[2020-12-20 21:36:19,404] chirp.drivers.fd268 - DEBUG: 000: 41 48 30 31 00 00 00 00   AH01....

[2020-12-20 21:36:19,404] chirp.drivers.fd268 - DEBUG: Unknowd Feidaxing radio, ID:
[2020-12-20 21:36:19,404] chirp.drivers.fd268 - DEBUG: 000: 41 48 30 31 00 00 00 00   AH01....

[2020-12-20 21:36:19,405] chirp.drivers.fd268 - DEBUG: Unknowd Feidaxing radio, ID:
[2020-12-20 21:36:19,405] chirp.drivers.fd268 - DEBUG: 000: 41 48 30 31 00 00 00 00   AH01....

[2020-12-20 21:36:19,405] chirp.drivers.fd268 - DEBUG: Unknowd Feidaxing radio, ID:
[2020-12-20 21:36:19,405] chirp.drivers.fd268 - DEBUG: 000: 41 48 30 31 00 00 00 00   AH01....

[2020-12-20 21:36:19,405] chirp.drivers.fd268 - DEBUG: Unknowd Feidaxing radio, ID:
[2020-12-20 21:36:19,405] chirp.drivers.fd268 - DEBUG: 000: 41 48 30 31 00 00 00 00   AH01....

[2020-12-20 21:36:19,405] chirp.drivers.fd268 - DEBUG: Unknowd Feidaxing radio, ID:
[2020-12-20 21:36:19,405] chirp.drivers.fd268 - DEBUG: 000: 41 48 30 31 00 00 00 00   AH01....

[2020-12-20 21:36:19,405] chirp.drivers.fd268 - DEBUG: Unknowd Feidaxing radio, ID:
[2020-12-20 21:36:19,405] chirp.drivers.fd268 - DEBUG: 000: 41 48 30 31 00 00 00 00   AH01....

[2020-12-20 21:36:19,405] chirp.drivers.fd268 - DEBUG: Unknowd Feidaxing radio, ID:
[2020-12-20 21:36:19,405] chirp.drivers.fd268 - DEBUG: 000: 41 48 30 31 00 00 00 00   AH01....

[2020-12-20 21:36:19,405] chirp.drivers.fd268 - DEBUG: Unknowd Feidaxing radio, ID:
[2020-12-20 21:36:19,406] chirp.drivers.fd268 - DEBUG: 000: 41 48 30 31 00 00 00 00   AH01....

[2020-12-20 21:36:19,406] chirp.drivers.fd268 - DEBUG: Unknowd Feidaxing radio, ID:
[2020-12-20 21:36:19,406] chirp.drivers.fd268 - DEBUG: 000: 41 48 30 31 00 00 00 00   AH01....

[2020-12-20 21:36:19,406] chirp.drivers.fd268 - DEBUG: Unknowd Feidaxing radio, ID:
[2020-12-20 21:36:19,406] chirp.drivers.fd268 - DEBUG: 000: 41 48 30 31 00 00 00 00   AH01....

[2020-12-20 21:36:19,406] chirp.drivers.fd268 - DEBUG: Unknowd Feidaxing radio, ID:
[2020-12-20 21:36:19,406] chirp.drivers.fd268 - DEBUG: 000: 41 48 30 31 00 00 00 00   AH01....

[2020-12-20 21:36:19,406] chirp.drivers.fd268 - DEBUG: Unknowd Feidaxing radio, ID:
[2020-12-20 21:36:19,406] chirp.drivers.fd268 - DEBUG: 000: 41 48 30 31 00 00 00 00   AH01....

[2020-12-20 21:36:19,406] chirp.drivers.fd268 - DEBUG: Unknowd Feidaxing radio, ID:
[2020-12-20 21:36:19,406] chirp.drivers.fd268 - DEBUG: 000: 41 48 30 31 00 00 00 00   AH01....

[2020-12-20 21:36:19,406] chirp.drivers.fd268 - DEBUG: Unknowd Feidaxing radio, ID:
[2020-12-20 21:36:19,406] chirp.drivers.fd268 - DEBUG: 000: 41 48 30 31 00 00 00 00   AH01....

[2020-12-20 21:36:19,406] chirp.drivers.fd268 - DEBUG: Unknowd Feidaxing radio, ID:
[2020-12-20 21:36:19,406] chirp.drivers.fd268 - DEBUG: 000: 41 48 30 31 00 00 00 00   AH01....

[2020-12-20 21:36:19,407] chirp.drivers.fd268 - DEBUG: Unknowd Feidaxing radio, ID:
[2020-12-20 21:36:19,407] chirp.drivers.fd268 - DEBUG: 000: 41 48 30 31 00 00 00 00   AH01....

[2020-12-20 21:36:19,407] chirp.drivers.fd268 - DEBUG: Unknowd Feidaxing radio, ID:
[2020-12-20 21:36:19,407] chirp.drivers.fd268 - DEBUG: 000: 41 48 30 31 00 00 00 00   AH01....

[2020-12-20 21:36:19,407] chirp.directory - ERROR: Radio class UV50X3 failed during detection: 'in <string>' requires string as left operand, not bytes
[2020-12-20 21:36:19,407] chirp.directory - WARNING: Radio driver FT8800Radio needs py3 match_model conversion!
[2020-12-20 21:36:19,409] chirp.chirp_common - DEBUG: Loaded metadata: {'vendor': 'Baofeng', 'model': 'BF-A58S', 'chirp_version': 'daily-20190925', 'rclass': 'BFA58S', 'variant': ''}
[2020-12-20 21:36:19,410] chirp.chirp_common - DEBUG: Parsed version 'daily-20190925' to (20190925,)
[2020-12-20 21:36:19,410] chirp.chirp_common - ERROR: Failed to parse my version '0.3.0dev': invalid literal for int() with base 10: '0dev'
[2020-12-20 21:36:19,410] chirp.chirp_common - WARNING: Image is from version daily-20190925 but we are 0.3.0dev
[2020-12-20 21:36:19,465] chirp.chirp_common - DEBUG: Loaded metadata: {'vendor': 'Baofeng', 'model': 'BF-A58S', 'chirp_version': 'daily-20190925', 'rclass': 'BFA58S', 'variant': ''}
[2020-12-20 21:36:19,465] chirp.chirp_common - DEBUG: Parsed version 'daily-20190925' to (20190925,)
[2020-12-20 21:36:19,465] chirp.chirp_common - ERROR: Failed to parse my version '0.3.0dev': invalid literal for int() with base 10: '0dev'
[2020-12-20 21:36:19,465] chirp.chirp_common - WARNING: Image is from version daily-20190925 but we are 0.3.0dev
[2020-12-20 21:36:19,586] chirp.chirp_common - DEBUG: Loaded metadata: {'vendor': 'Baofeng', 'model': 'BF-A58S', 'chirp_version': 'daily-20190925', 'rclass': 'BFA58S', 'variant': ''}
[2020-12-20 21:36:19,586] chirp.chirp_common - DEBUG: Parsed version 'daily-20190925' to (20190925,)
[2020-12-20 21:36:19,587] chirp.chirp_common - ERROR: Failed to parse my version '0.3.0dev': invalid literal for int() with base 10: '0dev'
[2020-12-20 21:36:19,587] chirp.chirp_common - WARNING: Image is from version daily-20190925 but we are 0.3.0dev
[2020-12-20 21:36:19,737] chirp.chirp_common - DEBUG: Loaded metadata: {'vendor': 'Baofeng', 'model': 'BF-A58S', 'chirp_version': 'daily-20190925', 'rclass': 'BFA58S', 'variant': ''}
[2020-12-20 21:36:19,737] chirp.chirp_common - DEBUG: Parsed version 'daily-20190925' to (20190925,)
[2020-12-20 21:36:19,737] chirp.chirp_common - ERROR: Failed to parse my version '0.3.0dev': invalid literal for int() with base 10: '0dev'
[2020-12-20 21:36:19,737] chirp.chirp_common - WARNING: Image is from version daily-20190925 but we are 0.3.0dev
[2020-12-20 21:36:19,856] chirp.chirp_common - DEBUG: Loaded metadata: {'vendor': 'Baofeng', 'model': 'BF-A58S', 'chirp_version': 'daily-20190925', 'rclass': 'BFA58S', 'variant': ''}
[2020-12-20 21:36:19,856] chirp.chirp_common - DEBUG: Parsed version 'daily-20190925' to (20190925,)
[2020-12-20 21:36:19,856] chirp.chirp_common - ERROR: Failed to parse my version '0.3.0dev': invalid literal for int() with base 10: '0dev'
[2020-12-20 21:36:19,856] chirp.chirp_common - WARNING: Image is from version daily-20190925 but we are 0.3.0dev
[2020-12-20 21:36:19,910] chirp.chirp_common - DEBUG: Loaded metadata: {'vendor': 'Baofeng', 'model': 'BF-A58S', 'chirp_version': 'daily-20190925', 'rclass': 'BFA58S', 'variant': ''}
[2020-12-20 21:36:19,910] chirp.chirp_common - DEBUG: Parsed version 'daily-20190925' to (20190925,)
[2020-12-20 21:36:19,910] chirp.chirp_common - ERROR: Failed to parse my version '0.3.0dev': invalid literal for int() with base 10: '0dev'
[2020-12-20 21:36:19,910] chirp.chirp_common - WARNING: Image is from version daily-20190925 but we are 0.3.0dev
[2020-12-20 21:36:19,914] chirp.chirp_common - DEBUG: Loaded metadata: {'vendor': 'Baofeng', 'model': 'BF-A58S', 'chirp_version': 'daily-20190925', 'rclass': 'BFA58S', 'variant': ''}
[2020-12-20 21:36:19,915] chirp.chirp_common - DEBUG: Parsed version 'daily-20190925' to (20190925,)
[2020-12-20 21:36:19,915] chirp.chirp_common - ERROR: Failed to parse my version '0.3.0dev': invalid literal for int() with base 10: '0dev'
[2020-12-20 21:36:19,915] chirp.chirp_common - WARNING: Image is from version daily-20190925 but we are 0.3.0dev
[2020-12-20 21:36:19,969] chirp.chirp_common - DEBUG: Loaded metadata: {'vendor': 'Baofeng', 'model': 'BF-A58S', 'chirp_version': 'daily-20190925', 'rclass': 'BFA58S', 'variant': ''}
[2020-12-20 21:36:19,969] chirp.chirp_common - DEBUG: Parsed version 'daily-20190925' to (20190925,)
[2020-12-20 21:36:19,969] chirp.chirp_common - ERROR: Failed to parse my version '0.3.0dev': invalid literal for int() with base 10: '0dev'
[2020-12-20 21:36:19,969] chirp.chirp_common - WARNING: Image is from version daily-20190925 but we are 0.3.0dev
[2020-12-20 21:36:20,054] chirp.chirp_common - DEBUG: Loaded metadata: {'vendor': 'Baofeng', 'model': 'BF-A58S', 'chirp_version': 'daily-20190925', 'rclass': 'BFA58S', 'variant': ''}
[2020-12-20 21:36:20,055] chirp.chirp_common - DEBUG: Loaded metadata: {'vendor': 'Baofeng', 'model': 'BF-A58S', 'chirp_version': 'daily-20190925', 'rclass': 'BFA58S', 'variant': ''}
[2020-12-20 21:36:20,055] chirp.chirp_common - DEBUG: Parsed version 'daily-20190925' to (20190925,)
[2020-12-20 21:36:20,056] chirp.chirp_common - ERROR: Failed to parse my version '0.3.0dev': invalid literal for int() with base 10: '0dev'
[2020-12-20 21:36:20,056] chirp.chirp_common - WARNING: Image is from version daily-20190925 but we are 0.3.0dev
[2020-12-20 21:36:20,090] chirp.chirp_common - DEBUG: Loaded metadata: {'vendor': 'Baofeng', 'model': 'BF-A58S', 'chirp_version': 'daily-20190925', 'rclass': 'BFA58S', 'variant': ''}
[2020-12-20 21:36:20,090] chirp.chirp_common - DEBUG: Parsed version 'daily-20190925' to (20190925,)
[2020-12-20 21:36:20,090] chirp.chirp_common - ERROR: Failed to parse my version '0.3.0dev': invalid literal for int() with base 10: '0dev'
[2020-12-20 21:36:20,090] chirp.chirp_common - WARNING: Image is from version daily-20190925 but we are 0.3.0dev
[2020-12-20 21:36:20,136] chirp.chirp_common - DEBUG: Loaded metadata: {'vendor': 'Baofeng', 'model': 'BF-A58S', 'chirp_version': 'daily-20190925', 'rclass': 'BFA58S', 'variant': ''}
[2020-12-20 21:36:20,136] chirp.chirp_common - DEBUG: Parsed version 'daily-20190925' to (20190925,)
[2020-12-20 21:36:20,136] chirp.chirp_common - ERROR: Failed to parse my version '0.3.0dev': invalid literal for int() with base 10: '0dev'
[2020-12-20 21:36:20,136] chirp.chirp_common - WARNING: Image is from version daily-20190925 but we are 0.3.0dev
[2020-12-20 21:36:20,145] chirp.chirp_common - DEBUG: Loaded metadata: {'vendor': 'Baofeng', 'model': 'BF-A58S', 'chirp_version': 'daily-20190925', 'rclass': 'BFA58S', 'variant': ''}
[2020-12-20 21:36:20,145] chirp.chirp_common - DEBUG: Parsed version 'daily-20190925' to (20190925,)
[2020-12-20 21:36:20,145] chirp.chirp_common - ERROR: Failed to parse my version '0.3.0dev': invalid literal for int() with base 10: '0dev'
[2020-12-20 21:36:20,145] chirp.chirp_common - WARNING: Image is from version daily-20190925 but we are 0.3.0dev
[2020-12-20 21:36:20,177] chirp.chirp_common - DEBUG: Loaded metadata: {'vendor': 'Baofeng', 'model': 'BF-A58S', 'chirp_version': 'daily-20190925', 'rclass': 'BFA58S', 'variant': ''}
[2020-12-20 21:36:20,177] chirp.chirp_common - DEBUG: Parsed version 'daily-20190925' to (20190925,)
[2020-12-20 21:36:20,177] chirp.chirp_common - ERROR: Failed to parse my version '0.3.0dev': invalid literal for int() with base 10: '0dev'
[2020-12-20 21:36:20,177] chirp.chirp_common - WARNING: Image is from version daily-20190925 but we are 0.3.0dev
[2020-12-20 21:36:20,195] chirp.drivers.baofeng_common - DEBUG: Setting squelch = 3
[2020-12-20 21:36:20,195] chirp.drivers.baofeng_common - DEBUG: Setting save = 1:3
[2020-12-20 21:36:20,195] chirp.drivers.baofeng_common - DEBUG: Setting vox = Off
[2020-12-20 21:36:20,195] chirp.drivers.baofeng_common - DEBUG: Setting abr = 5
[2020-12-20 21:36:20,195] chirp.drivers.baofeng_common - DEBUG: Setting tdr = False
[2020-12-20 21:36:20,195] chirp.drivers.baofeng_common - DEBUG: Setting beep = True
[2020-12-20 21:36:20,195] chirp.drivers.baofeng_common - DEBUG: Setting timeout = 60 sec
[2020-12-20 21:36:20,195] chirp.drivers.baofeng_common - DEBUG: Setting voice = English
[2020-12-20 21:36:20,195] chirp.drivers.baofeng_common - DEBUG: Setting dtmfst = DT+ANI
[2020-12-20 21:36:20,196] chirp.drivers.baofeng_common - DEBUG: Setting screv = TO
[2020-12-20 21:36:20,196] chirp.drivers.baofeng_common - DEBUG: Setting pttid = Off
[2020-12-20 21:36:20,196] chirp.drivers.baofeng_common - DEBUG: Setting pttlt = 5
[2020-12-20 21:36:20,196] chirp.drivers.baofeng_common - DEBUG: Setting mdfa = Frequency
[2020-12-20 21:36:20,196] chirp.drivers.baofeng_common - DEBUG: Setting mdfb = Frequency
[2020-12-20 21:36:20,196] chirp.drivers.baofeng_common - DEBUG: Setting autolk = False
[2020-12-20 21:36:20,196] chirp.drivers.baofeng_common - DEBUG: Setting wtled = Purple
[2020-12-20 21:36:20,196] chirp.drivers.baofeng_common - DEBUG: Setting rxled = Blue
[2020-12-20 21:36:20,196] chirp.drivers.baofeng_common - DEBUG: Setting txled = Orange
[2020-12-20 21:36:20,196] chirp.drivers.baofeng_common - DEBUG: Setting almod = Site
[2020-12-20 21:36:20,196] chirp.drivers.baofeng_common - DEBUG: Setting tdrab = Off
[2020-12-20 21:36:20,196] chirp.drivers.baofeng_common - DEBUG: Setting ste = True
[2020-12-20 21:36:20,197] chirp.drivers.baofeng_common - DEBUG: Setting rpste = 5
[2020-12-20 21:36:20,197] chirp.drivers.baofeng_common - DEBUG: Setting rptrl = Off
[2020-12-20 21:36:20,197] chirp.drivers.baofeng_common - DEBUG: Setting ponmsg = Message
[2020-12-20 21:36:20,197] chirp.drivers.baofeng_common - DEBUG: Setting roger = False
[2020-12-20 21:36:20,197] chirp.drivers.baofeng_common - DEBUG: Setting reset = True
[2020-12-20 21:36:20,197] chirp.drivers.baofeng_common - DEBUG: Setting menu = True
[2020-12-20 21:36:20,197] chirp.drivers.baofeng_common - DEBUG: Setting fmradio = True
[2020-12-20 21:36:20,197] chirp.drivers.baofeng_common - DEBUG: Setting alarm = True
[2020-12-20 21:36:20,197] chirp.drivers.baofeng_common - DEBUG: Setting line1 = WELCOME
[2020-12-20 21:36:20,197] chirp.drivers.baofeng_common - DEBUG: Setting line2 =        
[2020-12-20 21:36:20,197] chirp.drivers.baofeng_common - DEBUG: Setting lower = 136
[2020-12-20 21:36:20,198] chirp.drivers.baofeng_common - DEBUG: Setting upper = 174
[2020-12-20 21:36:20,198] chirp.drivers.baofeng_common - DEBUG: Setting lower = 400
[2020-12-20 21:36:20,198] chirp.drivers.baofeng_common - DEBUG: Setting upper = 520
[2020-12-20 21:36:20,198] chirp.drivers.baofeng_common - DEBUG: Setting displayab = A
[2020-12-20 21:36:20,198] chirp.drivers.baofeng_common - DEBUG: Setting workmode = Frequency
[2020-12-20 21:36:20,198] chirp.drivers.baofeng_common - DEBUG: Setting keylock = False
[2020-12-20 21:36:20,198] chirp.drivers.baofeng_common - DEBUG: Setting mrcha = 17
[2020-12-20 21:36:20,198] chirp.drivers.baofeng_common - DEBUG: Setting mrchb = 5
[2020-12-20 21:36:20,198] chirp.drivers.baofeng_common - DEBUG: Using apply callback
[2020-12-20 21:36:20,198] chirp.drivers.baofeng_common - DEBUG: Using apply callback
[2020-12-20 21:36:20,198] chirp.drivers.baofeng_common - DEBUG: Setting sftd = Off
[2020-12-20 21:36:20,199] chirp.drivers.baofeng_common - DEBUG: Setting sftd = Off
[2020-12-20 21:36:20,199] chirp.drivers.baofeng_common - DEBUG: Using apply callback
[2020-12-20 21:36:20,199] chirp.drivers.baofeng_common - DEBUG: Using apply callback
[2020-12-20 21:36:20,199] chirp.drivers.baofeng_common - DEBUG: Setting txpower3 = High
[2020-12-20 21:36:20,199] chirp.drivers.baofeng_common - DEBUG: Setting txpower3 = High
[2020-12-20 21:36:20,199] chirp.drivers.baofeng_common - DEBUG: Setting widenarr = Wide
[2020-12-20 21:36:20,199] chirp.drivers.baofeng_common - ERROR: Unexpected error during download
Traceback (most recent call last):
  File "/home/mpoletiek/devspace/py3-CHIRP/chirp/drivers/baofeng_common.py", line 320, in sync_in
    data = _download(self)
  File "/home/mpoletiek/devspace/py3-CHIRP/chirp/drivers/baofeng_common.py", line 179, in _download
    ident = _ident_radio(radio)
  File "/home/mpoletiek/devspace/py3-CHIRP/chirp/drivers/baofeng_common.py", line 165, in _ident_radio
    data = _do_ident(radio, magic)
  File "/home/mpoletiek/devspace/py3-CHIRP/chirp/drivers/baofeng_common.py", line 123, in _do_ident
    _clean_buffer(radio)
  File "/home/mpoletiek/devspace/py3-CHIRP/chirp/drivers/baofeng_common.py", line 34, in _clean_buffer
    junk = radio.pipe.read(256)
  File "/home/mpoletiek/devspace/py3-CHIRP/tests/run_tests.py", line 946, in read
    raise Exception("Foo")
Exception: Foo
[2020-12-20 21:36:20,199] chirp.drivers.baofeng_common - DEBUG: Setting widenarr = Wide
[2020-12-20 21:36:20,199] chirp.drivers.baofeng_common - DEBUG: Setting scode = 1
[2020-12-20 21:36:20,199] chirp.drivers.baofeng_common - DEBUG: Setting scode = 1
[2020-12-20 21:36:20,199] chirp.drivers.baofeng_common - DEBUG: Setting step = 25.0
[2020-12-20 21:36:20,199] chirp.drivers.baofeng_common - DEBUG: Setting step = 25.0
[2020-12-20 21:36:20,200] chirp.drivers.baofeng_common - DEBUG: Setting fm_presets = 650
[2020-12-20 21:36:20,200] chirp.drivers.baofeng_common - DEBUG: Using apply callback
[2020-12-20 21:36:20,200] chirp.drivers.baofeng_common - DEBUG: Using apply callback
[2020-12-20 21:36:20,200] chirp.drivers.baofeng_common - DEBUG: Using apply callback
[2020-12-20 21:36:20,200] chirp.drivers.baofeng_common - DEBUG: Using apply callback
[2020-12-20 21:36:20,200] chirp.drivers.baofeng_common - DEBUG: Using apply callback
[2020-12-20 21:36:20,200] chirp.drivers.baofeng_common - DEBUG: Using apply callback
[2020-12-20 21:36:20,200] chirp.drivers.baofeng_common - DEBUG: Using apply callback
[2020-12-20 21:36:20,200] chirp.drivers.baofeng_common - DEBUG: Using apply callback
[2020-12-20 21:36:20,200] chirp.drivers.baofeng_common - DEBUG: Using apply callback
[2020-12-20 21:36:20,200] chirp.drivers.baofeng_common - DEBUG: Using apply callback
[2020-12-20 21:36:20,201] chirp.drivers.baofeng_common - DEBUG: Using apply callback
[2020-12-20 21:36:20,201] chirp.drivers.baofeng_common - DEBUG: Using apply callback
[2020-12-20 21:36:20,201] chirp.drivers.baofeng_common - DEBUG: Using apply callback
[2020-12-20 21:36:20,201] chirp.drivers.baofeng_common - DEBUG: Using apply callback
[2020-12-20 21:36:20,201] chirp.drivers.baofeng_common - DEBUG: Using apply callback
[2020-12-20 21:36:20,201] chirp.drivers.baofeng_common - DEBUG: Setting dtmfon = 80 ms
[2020-12-20 21:36:20,201] chirp.drivers.baofeng_common - DEBUG: Setting dtmfoff = 80 ms
[2020-12-20 21:36:20,201] chirp.drivers.baofeng_common - DEBUG: Using apply callback
[2020-12-20 21:36:20,201] chirp.drivers.baofeng_common - DEBUG: Setting aniid = EOT
[2020-12-20 21:36:20,201] chirp.drivers.baofeng_common - DEBUG: Setting sql1 = 13
[2020-12-20 21:36:20,201] chirp.drivers.baofeng_common - DEBUG: Setting sql2 = 14
[2020-12-20 21:36:20,202] chirp.drivers.baofeng_common - DEBUG: Setting sql3 = 15
[2020-12-20 21:36:20,202] chirp.drivers.baofeng_common - DEBUG: Setting sql4 = 16
[2020-12-20 21:36:20,202] chirp.drivers.baofeng_common - DEBUG: Setting sql5 = 17
[2020-12-20 21:36:20,202] chirp.drivers.baofeng_common - DEBUG: Setting sql6 = 18
[2020-12-20 21:36:20,202] chirp.drivers.baofeng_common - DEBUG: Setting sql7 = 19
[2020-12-20 21:36:20,202] chirp.drivers.baofeng_common - DEBUG: Setting sql8 = 20
[2020-12-20 21:36:20,202] chirp.drivers.baofeng_common - DEBUG: Setting sql9 = 21
[2020-12-20 21:36:20,202] chirp.drivers.baofeng_common - DEBUG: Setting sql1 = 12
[2020-12-20 21:36:20,202] chirp.drivers.baofeng_common - DEBUG: Setting sql2 = 13
[2020-12-20 21:36:20,202] chirp.drivers.baofeng_common - DEBUG: Setting sql3 = 14
[2020-12-20 21:36:20,202] chirp.drivers.baofeng_common - DEBUG: Setting sql4 = 15
[2020-12-20 21:36:20,202] chirp.drivers.baofeng_common - DEBUG: Setting sql5 = 16
[2020-12-20 21:36:20,203] chirp.drivers.baofeng_common - DEBUG: Setting sql6 = 17
[2020-12-20 21:36:20,203] chirp.drivers.baofeng_common - DEBUG: Setting sql7 = 18
[2020-12-20 21:36:20,203] chirp.drivers.baofeng_common - DEBUG: Setting sql8 = 19
[2020-12-20 21:36:20,203] chirp.drivers.baofeng_common - DEBUG: Setting sql9 = 20
[2020-12-20 21:36:20,232] chirp.chirp_common - DEBUG: Loaded metadata: {'vendor': 'Baofeng', 'model': 'BF-A58S', 'chirp_version': 'daily-20190925', 'rclass': 'BFA58S', 'variant': ''}
[2020-12-20 21:36:20,232] chirp.chirp_common - DEBUG: Parsed version 'daily-20190925' to (20190925,)
[2020-12-20 21:36:20,232] chirp.chirp_common - ERROR: Failed to parse my version '0.3.0dev': invalid literal for int() with base 10: '0dev'
[2020-12-20 21:36:20,232] chirp.chirp_common - WARNING: Image is from version daily-20190925 but we are 0.3.0dev
[2020-12-20 21:36:20,258] chirp.drivers.baofeng_common - ERROR: Unexpected error during upload
Traceback (most recent call last):
  File "/home/mpoletiek/devspace/py3-CHIRP/chirp/drivers/baofeng_common.py", line 336, in sync_out
    _upload(self)
  File "/home/mpoletiek/devspace/py3-CHIRP/chirp/drivers/baofeng_common.py", line 241, in _upload
    _ident_radio(radio)
  File "/home/mpoletiek/devspace/py3-CHIRP/chirp/drivers/baofeng_common.py", line 165, in _ident_radio
    data = _do_ident(radio, magic)
  File "/home/mpoletiek/devspace/py3-CHIRP/chirp/drivers/baofeng_common.py", line 123, in _do_ident
    _clean_buffer(radio)
  File "/home/mpoletiek/devspace/py3-CHIRP/chirp/drivers/baofeng_common.py", line 34, in _clean_buffer
    junk = radio.pipe.read(256)
  File "/home/mpoletiek/devspace/py3-CHIRP/tests/run_tests.py", line 946, in read
    raise Exception("Foo")
Exception: Foo
[2020-12-20 21:36:20,314] chirp.drivers.baofeng_common - DEBUG: Got 256 bytes of junk before starting
[2020-12-20 21:36:20,368] chirp.drivers.baofeng_common - DEBUG: Got 256 bytes of junk before starting
[2020-12-20 21:36:20,368] chirp.drivers.baofeng_common - DEBUG: Got 255 bytes of junk before starting
[2020-12-20 21:36:20,423] chirp.drivers.baofeng_common - DEBUG: Got 255 bytes of junk before starting
[2020-12-20 21:36:21,211] chirp.drivers.yaesu_clone - DEBUG: Sending 0-10
[2020-12-20 21:36:21,211] chirp.drivers.yaesu_clone - DEBUG: 
[2020-12-20 21:36:21,261] chirp.drivers.yaesu_clone - DEBUG: Sending 0-10
[2020-12-20 21:36:21,311] chirp.drivers.yaesu_clone - DEBUG: Sending 0-10
[2020-12-20 21:36:21,312] chirp.drivers.yaesu_clone - DEBUG: 000: 00 00 00 00 00 00 00 00   ........
008: 00 00 00 00 00 00 00 00   ........

[2020-12-20 21:36:21,327] chirp.drivers.vx8 - DEBUG: Enabling banks for VFO 0
[2020-12-20 21:36:21,327] chirp.drivers.vx8 - DEBUG: Enabling banks for VFO 1
[2020-12-20 21:36:21,328] chirp.drivers.vx8 - INFO: Disabling banks for VFO 0
[2020-12-20 21:36:21,329] chirp.drivers.vx8 - INFO: Disabling banks for VFO 1
[2020-12-20 21:36:21,330] chirp.drivers.vx8 - DEBUG: Enabling banks for VFO 0
[2020-12-20 21:36:21,331] chirp.drivers.vx8 - DEBUG: Enabling banks for VFO 1
[2020-12-20 21:36:21,332] chirp.drivers.vx8 - INFO: Disabling banks for VFO 0
[2020-12-20 21:36:21,332] chirp.drivers.vx8 - INFO: Disabling banks for VFO 1
[2020-12-20 21:36:21,365] chirp.drivers.yaesu_clone - DEBUG: Sending 0-10
[2020-12-20 21:36:21,862] chirp.chirp_common - DEBUG: Image data has no metadata blob
[2020-12-20 21:36:21,870] chirp.directory - ERROR: Radio class CSVRadio failed during detection: 'str' object has no attribute 'decode'
[2020-12-20 21:36:21,870] chirp.directory - ERROR: Radio class CommanderCSVRadio failed during detection: startswith first arg must be bytes or a tuple of bytes, not str
[2020-12-20 21:36:21,870] chirp.directory - ERROR: Radio class RTCSVRadio failed during detection: 'str' object has no attribute 'decode'
[2020-12-20 21:36:21,870] chirp.directory - ERROR: Radio class BaofengUVB5 failed during detection: startswith first arg must be bytes or a tuple of bytes, not str
[2020-12-20 21:36:21,870] chirp.directory - ERROR: Radio class RT1Radio failed during detection: startswith first arg must be bytes or a tuple of bytes, not str
[2020-12-20 21:36:21,871] chirp.directory - ERROR: Radio class RT21Radio failed during detection: startswith first arg must be bytes or a tuple of bytes, not str
[2020-12-20 21:36:21,871] chirp.directory - ERROR: Radio class KGUV8ERadio failed during detection: a bytes-like object is required, not 'str'
[2020-12-20 21:36:21,871] chirp.drivers.boblov_x3plus - DEBUG: Boblov_x3plus: match_model: size mismatch
[2020-12-20 21:36:21,871] chirp.drivers.boblov_x3plus - DEBUG: Boblov_x3plus: match_model: size mismatch
[2020-12-20 21:36:21,871] chirp.directory - ERROR: Radio class Th350Radio failed during detection: startswith first arg must be str or a tuple of str, not bytes
[2020-12-20 21:36:21,871] chirp.directory - ERROR: Radio class RT26Radio failed during detection: startswith first arg must be bytes or a tuple of bytes, not str
[2020-12-20 21:36:21,871] chirp.directory - ERROR: Radio class AnyToneTERMN8RRadio failed during detection: a bytes-like object is required, not 'str'
[2020-12-20 21:36:21,871] chirp.directory - ERROR: Radio class AnyToneOBLTR8RRadio failed during detection: a bytes-like object is required, not 'str'
[2020-12-20 21:36:21,871] chirp.directory - ERROR: Radio class AnyTone5888UVRadio failed during detection: a bytes-like object is required, not 'str'
[2020-12-20 21:36:21,871] chirp.directory - ERROR: Radio class IntekHR2040Radio failed during detection: a bytes-like object is required, not 'str'
[2020-12-20 21:36:21,871] chirp.directory - ERROR: Radio class PolmarDB50MRadio failed during detection: a bytes-like object is required, not 'str'
[2020-12-20 21:36:21,871] chirp.directory - ERROR: Radio class PowerwerxDB750XRadio failed during detection: a bytes-like object is required, not 'str'
[2020-12-20 21:36:21,872] chirp.directory - ERROR: Radio class FTM350Radio failed during detection: startswith first arg must be bytes or a tuple of bytes, not str
[2020-12-20 21:36:21,872] chirp.directory - ERROR: Radio class LeixenVV898Radio failed during detection: startswith first arg must be bytes or a tuple of bytes, not str
[2020-12-20 21:36:21,872] chirp.directory - ERROR: Radio class JetstreamJT270MRadio failed during detection: startswith first arg must be bytes or a tuple of bytes, not str
[2020-12-20 21:36:21,872] chirp.directory - ERROR: Radio class JetstreamJT270MHRadio failed during detection: startswith first arg must be bytes or a tuple of bytes, not str
[2020-12-20 21:36:21,872] chirp.directory - ERROR: Radio class LeixenVV898SRadio failed during detection: startswith first arg must be bytes or a tuple of bytes, not str
[2020-12-20 21:36:21,872] chirp.directory - ERROR: Radio class TK760_Radio failed during detection: can only concatenate str (not "int") to str
[2020-12-20 21:36:21,872] chirp.directory - ERROR: Radio class TK762_Radio failed during detection: can only concatenate str (not "int") to str
[2020-12-20 21:36:21,872] chirp.directory - ERROR: Radio class TK768_Radio failed during detection: can only concatenate str (not "int") to str
[2020-12-20 21:36:21,872] chirp.directory - ERROR: Radio class TK860_Radio failed during detection: can only concatenate str (not "int") to str
[2020-12-20 21:36:21,872] chirp.directory - ERROR: Radio class TK862_Radio failed during detection: can only concatenate str (not "int") to str
[2020-12-20 21:36:21,872] chirp.directory - ERROR: Radio class TK868_Radio failed during detection: can only concatenate str (not "int") to str
[2020-12-20 21:36:21,872] chirp.directory - ERROR: Radio class TYTTHUVF1Radio failed during detection: startswith first arg must be bytes or a tuple of bytes, not str
[2020-12-20 21:36:21,872] chirp.drivers.fd268 - DEBUG: Unknowd Feidaxing radio, ID:
[2020-12-20 21:36:21,872] chirp.drivers.fd268 - DEBUG: 000: 41 48 30 32 00 00 00 00   AH02....

[2020-12-20 21:36:21,872] chirp.drivers.fd268 - DEBUG: Unknowd Feidaxing radio, ID:
[2020-12-20 21:36:21,873] chirp.drivers.fd268 - DEBUG: 000: 41 48 30 32 00 00 00 00   AH02....

[2020-12-20 21:36:21,873] chirp.drivers.fd268 - DEBUG: Unknowd Feidaxing radio, ID:
[2020-12-20 21:36:21,873] chirp.drivers.fd268 - DEBUG: 000: 41 48 30 32 00 00 00 00   AH02....

[2020-12-20 21:36:21,873] chirp.drivers.fd268 - DEBUG: Unknowd Feidaxing radio, ID:
[2020-12-20 21:36:21,873] chirp.drivers.fd268 - DEBUG: 000: 41 48 30 32 00 00 00 00   AH02....

[2020-12-20 21:36:21,873] chirp.drivers.fd268 - DEBUG: Unknowd Feidaxing radio, ID:
[2020-12-20 21:36:21,873] chirp.drivers.fd268 - DEBUG: 000: 41 48 30 32 00 00 00 00   AH02....

[2020-12-20 21:36:21,873] chirp.drivers.fd268 - DEBUG: Unknowd Feidaxing radio, ID:
[2020-12-20 21:36:21,873] chirp.drivers.fd268 - DEBUG: 000: 41 48 30 32 00 00 00 00   AH02....

[2020-12-20 21:36:21,873] chirp.drivers.fd268 - DEBUG: Unknowd Feidaxing radio, ID:
[2020-12-20 21:36:21,873] chirp.drivers.fd268 - DEBUG: 000: 41 48 30 32 00 00 00 00   AH02....

[2020-12-20 21:36:21,873] chirp.drivers.fd268 - DEBUG: Unknowd Feidaxing radio, ID:
[2020-12-20 21:36:21,873] chirp.drivers.fd268 - DEBUG: 000: 41 48 30 32 00 00 00 00   AH02....

[2020-12-20 21:36:21,873] chirp.drivers.fd268 - DEBUG: Unknowd Feidaxing radio, ID:
[2020-12-20 21:36:21,873] chirp.drivers.fd268 - DEBUG: 000: 41 48 30 32 00 00 00 00   AH02....

[2020-12-20 21:36:21,873] chirp.drivers.fd268 - DEBUG: Unknowd Feidaxing radio, ID:
[2020-12-20 21:36:21,874] chirp.drivers.fd268 - DEBUG: 000: 41 48 30 32 00 00 00 00   AH02....

[2020-12-20 21:36:21,874] chirp.drivers.fd268 - DEBUG: Unknowd Feidaxing radio, ID:
[2020-12-20 21:36:21,874] chirp.drivers.fd268 - DEBUG: 000: 41 48 30 32 00 00 00 00   AH02....

[2020-12-20 21:36:21,874] chirp.drivers.fd268 - DEBUG: Unknowd Feidaxing radio, ID:
[2020-12-20 21:36:21,874] chirp.drivers.fd268 - DEBUG: 000: 41 48 30 32 00 00 00 00   AH02....

[2020-12-20 21:36:21,874] chirp.drivers.fd268 - DEBUG: Unknowd Feidaxing radio, ID:
[2020-12-20 21:36:21,874] chirp.drivers.fd268 - DEBUG: 000: 41 48 30 32 00 00 00 00   AH02....

[2020-12-20 21:36:21,874] chirp.drivers.fd268 - DEBUG: Unknowd Feidaxing radio, ID:
[2020-12-20 21:36:21,874] chirp.drivers.fd268 - DEBUG: 000: 41 48 30 32 00 00 00 00   AH02....

[2020-12-20 21:36:21,874] chirp.drivers.fd268 - DEBUG: Unknowd Feidaxing radio, ID:
[2020-12-20 21:36:21,874] chirp.drivers.fd268 - DEBUG: 000: 41 48 30 32 00 00 00 00   AH02....

[2020-12-20 21:36:21,874] chirp.drivers.fd268 - DEBUG: Unknowd Feidaxing radio, ID:
[2020-12-20 21:36:21,874] chirp.drivers.fd268 - DEBUG: 000: 41 48 30 32 00 00 00 00   AH02....

[2020-12-20 21:36:21,874] chirp.drivers.fd268 - DEBUG: Unknowd Feidaxing radio, ID:
[2020-12-20 21:36:21,875] chirp.drivers.fd268 - DEBUG: 000: 41 48 30 32 00 00 00 00   AH02....

[2020-12-20 21:36:21,875] chirp.drivers.fd268 - DEBUG: Unknowd Feidaxing radio, ID:
[2020-12-20 21:36:21,875] chirp.drivers.fd268 - DEBUG: 000: 41 48 30 32 00 00 00 00   AH02....

[2020-12-20 21:36:21,875] chirp.directory - ERROR: Radio class UV50X3 failed during detection: 'in <string>' requires string as left operand, not bytes
[2020-12-20 21:36:21,875] chirp.directory - ERROR: Radio class TYTUVF8DRadio failed during detection: startswith first arg must be bytes or a tuple of bytes, not str
[2020-12-20 21:36:21,875] chirp.drivers.tk8102 - DEBUG: b'\xff\xff\xff\xff'
[2020-12-20 21:36:21,875] chirp.drivers.tk8102 - DEBUG: 
[2020-12-20 21:36:21,875] chirp.drivers.tk8102 - DEBUG: b'\xff\xff\xff\xff'
[2020-12-20 21:36:21,875] chirp.drivers.tk8102 - DEBUG: 
[2020-12-20 21:36:21,875] chirp.drivers.tk8102 - DEBUG: b'\xff\xff\xff\xff'
[2020-12-20 21:36:21,875] chirp.drivers.tk8102 - DEBUG: 
[2020-12-20 21:36:21,875] chirp.drivers.tk8102 - DEBUG: b'\xff\xff\xff\xff'
[2020-12-20 21:36:21,875] chirp.drivers.tk8102 - DEBUG: 
[2020-12-20 21:36:21,875] chirp.directory - WARNING: Radio driver VX8Radio needs py3 match_model conversion!
[2020-12-20 21:36:22,926] chirp.drivers.yaesu_clone - DEBUG: Sending 0-10
[2020-12-20 21:36:22,926] chirp.drivers.yaesu_clone - DEBUG: 
[2020-12-20 21:36:22,952] chirp.drivers.yaesu_clone - DEBUG: Sending 0-10
[2020-12-20 21:36:22,977] chirp.drivers.yaesu_clone - DEBUG: Sending 0-10
[2020-12-20 21:36:22,978] chirp.drivers.yaesu_clone - DEBUG: 000: 00 00 00 00 00 00 00 00   ........
008: 00 00 00 00 00 00 00 00   ........

[2020-12-20 21:36:22,982] chirp.chirp_common - DEBUG: Image data has no metadata blob
[2020-12-20 21:36:22,986] chirp.directory - ERROR: Radio class CSVRadio failed during detection: 'str' object has no attribute 'decode'
[2020-12-20 21:36:22,987] chirp.directory - ERROR: Radio class CommanderCSVRadio failed during detection: startswith first arg must be bytes or a tuple of bytes, not str
[2020-12-20 21:36:22,987] chirp.directory - ERROR: Radio class RTCSVRadio failed during detection: 'str' object has no attribute 'decode'
[2020-12-20 21:36:22,987] chirp.directory - ERROR: Radio class BaofengUVB5 failed during detection: startswith first arg must be bytes or a tuple of bytes, not str
[2020-12-20 21:36:22,987] chirp.directory - ERROR: Radio class RT1Radio failed during detection: startswith first arg must be bytes or a tuple of bytes, not str
[2020-12-20 21:36:22,987] chirp.directory - ERROR: Radio class RT21Radio failed during detection: startswith first arg must be bytes or a tuple of bytes, not str
[2020-12-20 21:36:22,987] chirp.directory - ERROR: Radio class KGUV8ERadio failed during detection: a bytes-like object is required, not 'str'
[2020-12-20 21:36:22,987] chirp.directory - WARNING: Radio driver VX3Radio needs py3 match_model conversion!
[2020-12-20 21:36:23,004] chirp.drivers.yaesu_clone - DEBUG: Sending 0-10
[2020-12-20 21:36:23,205] chirp.drivers.ft50 - DEBUG: @_decode_chars, type: <class 'list'>
[2020-12-20 21:36:23,205] chirp.drivers.ft50 - DEBUG: [0xFF, 0xFF, 0xFF, 0xFF, 0xFF, 0xFF, 0xFF, 0xFF, 0xFF, 0xFF, 0xFF, 0xFF, 0xFF, 0xFF, 0xFF, 0xFF]
[2020-12-20 21:36:23,205] chirp.drivers.ft50 - DEBUG: 
[2020-12-20 21:36:23,206] chirp.drivers.ft50 - DEBUG: @_decode_chars, type: <class 'list'>
[2020-12-20 21:36:23,206] chirp.drivers.ft50 - DEBUG: [0xFF, 0xFF, 0xFF, 0xFF, 0xFF, 0xFF, 0xFF, 0xFF, 0xFF, 0xFF, 0xFF, 0xFF, 0xFF, 0xFF, 0xFF, 0xFF]
[2020-12-20 21:36:23,206] chirp.drivers.ft50 - DEBUG: 
[2020-12-20 21:36:23,207] chirp.drivers.ft50 - DEBUG: @_decode_chars, type: <class 'list'>
[2020-12-20 21:36:23,207] chirp.drivers.ft50 - DEBUG: [0xFF, 0xFF, 0xFF, 0xFF, 0xFF, 0xFF, 0xFF, 0xFF, 0xFF, 0xFF, 0xFF, 0xFF, 0xFF, 0xFF, 0xFF, 0xFF]
[2020-12-20 21:36:23,207] chirp.drivers.ft50 - DEBUG: 
[2020-12-20 21:36:23,240] chirp.drivers.boblov_x3plus - DEBUG: empty channel 2
